[ERROR] 2018-08-20 16:05:52,250 [com.zaly.push.apns.netty.NettyConnectionPool] release client connection error!
java.lang.NullPointerException
	at com.zaly.push.apns.netty.NettyConnectionPool.release(NettyConnectionPool.java:148)
	at com.zaly.push.apns.client.ApnsHttp2Client.pushMessageAsync(ApnsHttp2Client.java:122)
	at com.zaly.push.test.TestApnsHttp2.main(TestApnsHttp2.java:37)
[ERROR] 2018-08-20 16:05:53,331 [com.zaly.push.apns.netty.NettyHttp2Connection] Failed to connect e={0}
java.lang.AbstractMethodError
	at io.netty.internal.tcnative.SSL.readFromSSL(Native Method)
	at io.netty.handler.ssl.ReferenceCountedOpenSslEngine.readPlaintextData(ReferenceCountedOpenSslEngine.java:486)
	at io.netty.handler.ssl.ReferenceCountedOpenSslEngine.unwrap(ReferenceCountedOpenSslEngine.java:1025)
	at io.netty.handler.ssl.ReferenceCountedOpenSslEngine.unwrap(ReferenceCountedOpenSslEngine.java:1132)
	at io.netty.handler.ssl.ReferenceCountedOpenSslEngine.unwrap(ReferenceCountedOpenSslEngine.java:1175)
	at io.netty.handler.ssl.SslHandler$SslEngineType$1.unwrap(SslHandler.java:216)
	at io.netty.handler.ssl.SslHandler.unwrap(SslHandler.java:1257)
	at io.netty.handler.ssl.SslHandler.decodeNonJdkCompatible(SslHandler.java:1171)
	at io.netty.handler.ssl.SslHandler.decode(SslHandler.java:1205)
	at io.netty.handler.codec.ByteToMessageDecoder.decodeRemovalReentryProtection(ByteToMessageDecoder.java:489)
	at io.netty.handler.codec.ByteToMessageDecoder.callDecode(ByteToMessageDecoder.java:428)
	at io.netty.handler.codec.ByteToMessageDecoder.channelRead(ByteToMessageDecoder.java:265)
	at io.netty.channel.AbstractChannelHandlerContext.invokeChannelRead(AbstractChannelHandlerContext.java:362)
	at io.netty.channel.AbstractChannelHandlerContext.invokeChannelRead(AbstractChannelHandlerContext.java:348)
	at io.netty.channel.AbstractChannelHandlerContext.fireChannelRead(AbstractChannelHandlerContext.java:340)
	at io.netty.channel.DefaultChannelPipeline$HeadContext.channelRead(DefaultChannelPipeline.java:1414)
	at io.netty.channel.AbstractChannelHandlerContext.invokeChannelRead(AbstractChannelHandlerContext.java:362)
	at io.netty.channel.AbstractChannelHandlerContext.invokeChannelRead(AbstractChannelHandlerContext.java:348)
	at io.netty.channel.DefaultChannelPipeline.fireChannelRead(DefaultChannelPipeline.java:945)
	at io.netty.channel.nio.AbstractNioByteChannel$NioByteUnsafe.read(AbstractNioByteChannel.java:146)
	at io.netty.channel.nio.NioEventLoop.processSelectedKey(NioEventLoop.java:645)
	at io.netty.channel.nio.NioEventLoop.processSelectedKeysOptimized(NioEventLoop.java:580)
	at io.netty.channel.nio.NioEventLoop.processSelectedKeys(NioEventLoop.java:497)
	at io.netty.channel.nio.NioEventLoop.run(NioEventLoop.java:459)
	at io.netty.util.concurrent.SingleThreadEventExecutor$5.run(SingleThreadEventExecutor.java:886)
	at io.netty.util.concurrent.FastThreadLocalRunnable.run(FastThreadLocalRunnable.java:30)
	at java.lang.Thread.run(Thread.java:748)
[ERROR] 2018-08-20 16:05:53,332 [com.zaly.push.apns.netty.NettyHttp2Connection] Failed to connect e={0}
java.lang.AbstractMethodError
	at io.netty.internal.tcnative.SSL.readFromSSL(Native Method)
	at io.netty.handler.ssl.ReferenceCountedOpenSslEngine.readPlaintextData(ReferenceCountedOpenSslEngine.java:486)
	at io.netty.handler.ssl.ReferenceCountedOpenSslEngine.unwrap(ReferenceCountedOpenSslEngine.java:1025)
	at io.netty.handler.ssl.ReferenceCountedOpenSslEngine.unwrap(ReferenceCountedOpenSslEngine.java:1132)
	at io.netty.handler.ssl.ReferenceCountedOpenSslEngine.unwrap(ReferenceCountedOpenSslEngine.java:1175)
	at io.netty.handler.ssl.SslHandler$SslEngineType$1.unwrap(SslHandler.java:216)
	at io.netty.handler.ssl.SslHandler.unwrap(SslHandler.java:1257)
	at io.netty.handler.ssl.SslHandler.decodeNonJdkCompatible(SslHandler.java:1171)
	at io.netty.handler.ssl.SslHandler.decode(SslHandler.java:1205)
	at io.netty.handler.codec.ByteToMessageDecoder.decodeRemovalReentryProtection(ByteToMessageDecoder.java:489)
	at io.netty.handler.codec.ByteToMessageDecoder.callDecode(ByteToMessageDecoder.java:428)
	at io.netty.handler.codec.ByteToMessageDecoder.channelRead(ByteToMessageDecoder.java:265)
	at io.netty.channel.AbstractChannelHandlerContext.invokeChannelRead(AbstractChannelHandlerContext.java:362)
	at io.netty.channel.AbstractChannelHandlerContext.invokeChannelRead(AbstractChannelHandlerContext.java:348)
	at io.netty.channel.AbstractChannelHandlerContext.fireChannelRead(AbstractChannelHandlerContext.java:340)
	at io.netty.channel.DefaultChannelPipeline$HeadContext.channelRead(DefaultChannelPipeline.java:1414)
	at io.netty.channel.AbstractChannelHandlerContext.invokeChannelRead(AbstractChannelHandlerContext.java:362)
	at io.netty.channel.AbstractChannelHandlerContext.invokeChannelRead(AbstractChannelHandlerContext.java:348)
	at io.netty.channel.DefaultChannelPipeline.fireChannelRead(DefaultChannelPipeline.java:945)
	at io.netty.channel.nio.AbstractNioByteChannel$NioByteUnsafe.read(AbstractNioByteChannel.java:146)
	at io.netty.channel.nio.NioEventLoop.processSelectedKey(NioEventLoop.java:645)
	at io.netty.channel.nio.NioEventLoop.processSelectedKeysOptimized(NioEventLoop.java:580)
	at io.netty.channel.nio.NioEventLoop.processSelectedKeys(NioEventLoop.java:497)
	at io.netty.channel.nio.NioEventLoop.run(NioEventLoop.java:459)
	at io.netty.util.concurrent.SingleThreadEventExecutor$5.run(SingleThreadEventExecutor.java:886)
	at io.netty.util.concurrent.FastThreadLocalRunnable.run(FastThreadLocalRunnable.java:30)
	at java.lang.Thread.run(Thread.java:748)
[ERROR] 2018-08-20 16:05:55,068 [com.zaly.push.apns.netty.NettyConnectionPool] check client state error! key=sandbox-client-1
[ERROR] 2018-08-20 16:05:55,080 [com.zaly.push.apns.netty.NettyHttp2Connection] Failed to connect e={0}
java.lang.AbstractMethodError
	at io.netty.internal.tcnative.SSL.readFromSSL(Native Method)
	at io.netty.handler.ssl.ReferenceCountedOpenSslEngine.readPlaintextData(ReferenceCountedOpenSslEngine.java:486)
	at io.netty.handler.ssl.ReferenceCountedOpenSslEngine.unwrap(ReferenceCountedOpenSslEngine.java:1025)
	at io.netty.handler.ssl.ReferenceCountedOpenSslEngine.unwrap(ReferenceCountedOpenSslEngine.java:1132)
	at io.netty.handler.ssl.ReferenceCountedOpenSslEngine.unwrap(ReferenceCountedOpenSslEngine.java:1175)
	at io.netty.handler.ssl.SslHandler$SslEngineType$1.unwrap(SslHandler.java:216)
	at io.netty.handler.ssl.SslHandler.unwrap(SslHandler.java:1257)
	at io.netty.handler.ssl.SslHandler.decodeNonJdkCompatible(SslHandler.java:1171)
	at io.netty.handler.ssl.SslHandler.decode(SslHandler.java:1205)
	at io.netty.handler.codec.ByteToMessageDecoder.decodeRemovalReentryProtection(ByteToMessageDecoder.java:489)
	at io.netty.handler.codec.ByteToMessageDecoder.callDecode(ByteToMessageDecoder.java:428)
	at io.netty.handler.codec.ByteToMessageDecoder.channelRead(ByteToMessageDecoder.java:265)
	at io.netty.channel.AbstractChannelHandlerContext.invokeChannelRead(AbstractChannelHandlerContext.java:362)
	at io.netty.channel.AbstractChannelHandlerContext.invokeChannelRead(AbstractChannelHandlerContext.java:348)
	at io.netty.channel.AbstractChannelHandlerContext.fireChannelRead(AbstractChannelHandlerContext.java:340)
	at io.netty.channel.DefaultChannelPipeline$HeadContext.channelRead(DefaultChannelPipeline.java:1414)
	at io.netty.channel.AbstractChannelHandlerContext.invokeChannelRead(AbstractChannelHandlerContext.java:362)
	at io.netty.channel.AbstractChannelHandlerContext.invokeChannelRead(AbstractChannelHandlerContext.java:348)
	at io.netty.channel.DefaultChannelPipeline.fireChannelRead(DefaultChannelPipeline.java:945)
	at io.netty.channel.nio.AbstractNioByteChannel$NioByteUnsafe.read(AbstractNioByteChannel.java:146)
	at io.netty.channel.nio.NioEventLoop.processSelectedKey(NioEventLoop.java:645)
	at io.netty.channel.nio.NioEventLoop.processSelectedKeysOptimized(NioEventLoop.java:580)
	at io.netty.channel.nio.NioEventLoop.processSelectedKeys(NioEventLoop.java:497)
	at io.netty.channel.nio.NioEventLoop.run(NioEventLoop.java:459)
	at io.netty.util.concurrent.SingleThreadEventExecutor$5.run(SingleThreadEventExecutor.java:886)
	at io.netty.util.concurrent.FastThreadLocalRunnable.run(FastThreadLocalRunnable.java:30)
	at java.lang.Thread.run(Thread.java:748)
[ERROR] 2018-08-20 16:05:56,075 [com.zaly.push.apns.netty.NettyConnectionPool] check client state error! key=sandbox-client-0
[ERROR] 2018-08-20 16:05:57,175 [com.zaly.push.apns.netty.NettyHttp2Connection] Failed to connect e={0}
java.lang.AbstractMethodError
	at io.netty.internal.tcnative.SSL.readFromSSL(Native Method)
	at io.netty.handler.ssl.ReferenceCountedOpenSslEngine.readPlaintextData(ReferenceCountedOpenSslEngine.java:486)
	at io.netty.handler.ssl.ReferenceCountedOpenSslEngine.unwrap(ReferenceCountedOpenSslEngine.java:1025)
	at io.netty.handler.ssl.ReferenceCountedOpenSslEngine.unwrap(ReferenceCountedOpenSslEngine.java:1132)
	at io.netty.handler.ssl.ReferenceCountedOpenSslEngine.unwrap(ReferenceCountedOpenSslEngine.java:1175)
	at io.netty.handler.ssl.SslHandler$SslEngineType$1.unwrap(SslHandler.java:216)
	at io.netty.handler.ssl.SslHandler.unwrap(SslHandler.java:1257)
	at io.netty.handler.ssl.SslHandler.decodeNonJdkCompatible(SslHandler.java:1171)
	at io.netty.handler.ssl.SslHandler.decode(SslHandler.java:1205)
	at io.netty.handler.codec.ByteToMessageDecoder.decodeRemovalReentryProtection(ByteToMessageDecoder.java:489)
	at io.netty.handler.codec.ByteToMessageDecoder.callDecode(ByteToMessageDecoder.java:428)
	at io.netty.handler.codec.ByteToMessageDecoder.channelRead(ByteToMessageDecoder.java:265)
	at io.netty.channel.AbstractChannelHandlerContext.invokeChannelRead(AbstractChannelHandlerContext.java:362)
	at io.netty.channel.AbstractChannelHandlerContext.invokeChannelRead(AbstractChannelHandlerContext.java:348)
	at io.netty.channel.AbstractChannelHandlerContext.fireChannelRead(AbstractChannelHandlerContext.java:340)
	at io.netty.channel.DefaultChannelPipeline$HeadContext.channelRead(DefaultChannelPipeline.java:1414)
	at io.netty.channel.AbstractChannelHandlerContext.invokeChannelRead(AbstractChannelHandlerContext.java:362)
	at io.netty.channel.AbstractChannelHandlerContext.invokeChannelRead(AbstractChannelHandlerContext.java:348)
	at io.netty.channel.DefaultChannelPipeline.fireChannelRead(DefaultChannelPipeline.java:945)
	at io.netty.channel.nio.AbstractNioByteChannel$NioByteUnsafe.read(AbstractNioByteChannel.java:146)
	at io.netty.channel.nio.NioEventLoop.processSelectedKey(NioEventLoop.java:645)
	at io.netty.channel.nio.NioEventLoop.processSelectedKeysOptimized(NioEventLoop.java:580)
	at io.netty.channel.nio.NioEventLoop.processSelectedKeys(NioEventLoop.java:497)
	at io.netty.channel.nio.NioEventLoop.run(NioEventLoop.java:459)
	at io.netty.util.concurrent.SingleThreadEventExecutor$5.run(SingleThreadEventExecutor.java:886)
	at io.netty.util.concurrent.FastThreadLocalRunnable.run(FastThreadLocalRunnable.java:30)
	at java.lang.Thread.run(Thread.java:748)
[ERROR] 2018-08-20 16:06:12,089 [com.zaly.push.apns.netty.NettyConnectionPool] check client state error! key=sandbox-client-1
[ERROR] 2018-08-20 16:06:12,114 [com.zaly.push.apns.netty.NettyHttp2Connection] Failed to connect e={0}
java.lang.AbstractMethodError
	at io.netty.internal.tcnative.SSL.readFromSSL(Native Method)
	at io.netty.handler.ssl.ReferenceCountedOpenSslEngine.readPlaintextData(ReferenceCountedOpenSslEngine.java:486)
	at io.netty.handler.ssl.ReferenceCountedOpenSslEngine.unwrap(ReferenceCountedOpenSslEngine.java:1025)
	at io.netty.handler.ssl.ReferenceCountedOpenSslEngine.unwrap(ReferenceCountedOpenSslEngine.java:1132)
	at io.netty.handler.ssl.ReferenceCountedOpenSslEngine.unwrap(ReferenceCountedOpenSslEngine.java:1175)
	at io.netty.handler.ssl.SslHandler$SslEngineType$1.unwrap(SslHandler.java:216)
	at io.netty.handler.ssl.SslHandler.unwrap(SslHandler.java:1257)
	at io.netty.handler.ssl.SslHandler.decodeNonJdkCompatible(SslHandler.java:1171)
	at io.netty.handler.ssl.SslHandler.decode(SslHandler.java:1205)
	at io.netty.handler.codec.ByteToMessageDecoder.decodeRemovalReentryProtection(ByteToMessageDecoder.java:489)
	at io.netty.handler.codec.ByteToMessageDecoder.callDecode(ByteToMessageDecoder.java:428)
	at io.netty.handler.codec.ByteToMessageDecoder.channelRead(ByteToMessageDecoder.java:265)
	at io.netty.channel.AbstractChannelHandlerContext.invokeChannelRead(AbstractChannelHandlerContext.java:362)
	at io.netty.channel.AbstractChannelHandlerContext.invokeChannelRead(AbstractChannelHandlerContext.java:348)
	at io.netty.channel.AbstractChannelHandlerContext.fireChannelRead(AbstractChannelHandlerContext.java:340)
	at io.netty.channel.DefaultChannelPipeline$HeadContext.channelRead(DefaultChannelPipeline.java:1414)
	at io.netty.channel.AbstractChannelHandlerContext.invokeChannelRead(AbstractChannelHandlerContext.java:362)
	at io.netty.channel.AbstractChannelHandlerContext.invokeChannelRead(AbstractChannelHandlerContext.java:348)
	at io.netty.channel.DefaultChannelPipeline.fireChannelRead(DefaultChannelPipeline.java:945)
	at io.netty.channel.nio.AbstractNioByteChannel$NioByteUnsafe.read(AbstractNioByteChannel.java:146)
	at io.netty.channel.nio.NioEventLoop.processSelectedKey(NioEventLoop.java:645)
	at io.netty.channel.nio.NioEventLoop.processSelectedKeysOptimized(NioEventLoop.java:580)
	at io.netty.channel.nio.NioEventLoop.processSelectedKeys(NioEventLoop.java:497)
	at io.netty.channel.nio.NioEventLoop.run(NioEventLoop.java:459)
	at io.netty.util.concurrent.SingleThreadEventExecutor$5.run(SingleThreadEventExecutor.java:886)
	at io.netty.util.concurrent.FastThreadLocalRunnable.run(FastThreadLocalRunnable.java:30)
	at java.lang.Thread.run(Thread.java:748)
[ERROR] 2018-08-20 16:06:13,110 [com.zaly.push.apns.netty.NettyConnectionPool] check client state error! key=sandbox-client-0
[ERROR] 2018-08-20 16:06:13,149 [com.zaly.push.apns.netty.NettyHttp2Connection] Failed to connect e={0}
java.lang.AbstractMethodError
	at io.netty.internal.tcnative.SSL.readFromSSL(Native Method)
	at io.netty.handler.ssl.ReferenceCountedOpenSslEngine.readPlaintextData(ReferenceCountedOpenSslEngine.java:486)
	at io.netty.handler.ssl.ReferenceCountedOpenSslEngine.unwrap(ReferenceCountedOpenSslEngine.java:1025)
	at io.netty.handler.ssl.ReferenceCountedOpenSslEngine.unwrap(ReferenceCountedOpenSslEngine.java:1132)
	at io.netty.handler.ssl.ReferenceCountedOpenSslEngine.unwrap(ReferenceCountedOpenSslEngine.java:1175)
	at io.netty.handler.ssl.SslHandler$SslEngineType$1.unwrap(SslHandler.java:216)
	at io.netty.handler.ssl.SslHandler.unwrap(SslHandler.java:1257)
	at io.netty.handler.ssl.SslHandler.decodeNonJdkCompatible(SslHandler.java:1171)
	at io.netty.handler.ssl.SslHandler.decode(SslHandler.java:1205)
	at io.netty.handler.codec.ByteToMessageDecoder.decodeRemovalReentryProtection(ByteToMessageDecoder.java:489)
	at io.netty.handler.codec.ByteToMessageDecoder.callDecode(ByteToMessageDecoder.java:428)
	at io.netty.handler.codec.ByteToMessageDecoder.channelRead(ByteToMessageDecoder.java:265)
	at io.netty.channel.AbstractChannelHandlerContext.invokeChannelRead(AbstractChannelHandlerContext.java:362)
	at io.netty.channel.AbstractChannelHandlerContext.invokeChannelRead(AbstractChannelHandlerContext.java:348)
	at io.netty.channel.AbstractChannelHandlerContext.fireChannelRead(AbstractChannelHandlerContext.java:340)
	at io.netty.channel.DefaultChannelPipeline$HeadContext.channelRead(DefaultChannelPipeline.java:1414)
	at io.netty.channel.AbstractChannelHandlerContext.invokeChannelRead(AbstractChannelHandlerContext.java:362)
	at io.netty.channel.AbstractChannelHandlerContext.invokeChannelRead(AbstractChannelHandlerContext.java:348)
	at io.netty.channel.DefaultChannelPipeline.fireChannelRead(DefaultChannelPipeline.java:945)
	at io.netty.channel.nio.AbstractNioByteChannel$NioByteUnsafe.read(AbstractNioByteChannel.java:146)
	at io.netty.channel.nio.NioEventLoop.processSelectedKey(NioEventLoop.java:645)
	at io.netty.channel.nio.NioEventLoop.processSelectedKeysOptimized(NioEventLoop.java:580)
	at io.netty.channel.nio.NioEventLoop.processSelectedKeys(NioEventLoop.java:497)
	at io.netty.channel.nio.NioEventLoop.run(NioEventLoop.java:459)
	at io.netty.util.concurrent.SingleThreadEventExecutor$5.run(SingleThreadEventExecutor.java:886)
	at io.netty.util.concurrent.FastThreadLocalRunnable.run(FastThreadLocalRunnable.java:30)
	at java.lang.Thread.run(Thread.java:748)
[ERROR] 2018-08-20 16:06:29,133 [com.zaly.push.apns.netty.NettyConnectionPool] check client state error! key=sandbox-client-1
[ERROR] 2018-08-20 16:06:29,156 [com.zaly.push.apns.netty.NettyHttp2Connection] Failed to connect e={0}
java.lang.AbstractMethodError
	at io.netty.internal.tcnative.SSL.readFromSSL(Native Method)
	at io.netty.handler.ssl.ReferenceCountedOpenSslEngine.readPlaintextData(ReferenceCountedOpenSslEngine.java:486)
	at io.netty.handler.ssl.ReferenceCountedOpenSslEngine.unwrap(ReferenceCountedOpenSslEngine.java:1025)
	at io.netty.handler.ssl.ReferenceCountedOpenSslEngine.unwrap(ReferenceCountedOpenSslEngine.java:1132)
	at io.netty.handler.ssl.ReferenceCountedOpenSslEngine.unwrap(ReferenceCountedOpenSslEngine.java:1175)
	at io.netty.handler.ssl.SslHandler$SslEngineType$1.unwrap(SslHandler.java:216)
	at io.netty.handler.ssl.SslHandler.unwrap(SslHandler.java:1257)
	at io.netty.handler.ssl.SslHandler.decodeNonJdkCompatible(SslHandler.java:1171)
	at io.netty.handler.ssl.SslHandler.decode(SslHandler.java:1205)
	at io.netty.handler.codec.ByteToMessageDecoder.decodeRemovalReentryProtection(ByteToMessageDecoder.java:489)
	at io.netty.handler.codec.ByteToMessageDecoder.callDecode(ByteToMessageDecoder.java:428)
	at io.netty.handler.codec.ByteToMessageDecoder.channelRead(ByteToMessageDecoder.java:265)
	at io.netty.channel.AbstractChannelHandlerContext.invokeChannelRead(AbstractChannelHandlerContext.java:362)
	at io.netty.channel.AbstractChannelHandlerContext.invokeChannelRead(AbstractChannelHandlerContext.java:348)
	at io.netty.channel.AbstractChannelHandlerContext.fireChannelRead(AbstractChannelHandlerContext.java:340)
	at io.netty.channel.DefaultChannelPipeline$HeadContext.channelRead(DefaultChannelPipeline.java:1414)
	at io.netty.channel.AbstractChannelHandlerContext.invokeChannelRead(AbstractChannelHandlerContext.java:362)
	at io.netty.channel.AbstractChannelHandlerContext.invokeChannelRead(AbstractChannelHandlerContext.java:348)
	at io.netty.channel.DefaultChannelPipeline.fireChannelRead(DefaultChannelPipeline.java:945)
	at io.netty.channel.nio.AbstractNioByteChannel$NioByteUnsafe.read(AbstractNioByteChannel.java:146)
	at io.netty.channel.nio.NioEventLoop.processSelectedKey(NioEventLoop.java:645)
	at io.netty.channel.nio.NioEventLoop.processSelectedKeysOptimized(NioEventLoop.java:580)
	at io.netty.channel.nio.NioEventLoop.processSelectedKeys(NioEventLoop.java:497)
	at io.netty.channel.nio.NioEventLoop.run(NioEventLoop.java:459)
	at io.netty.util.concurrent.SingleThreadEventExecutor$5.run(SingleThreadEventExecutor.java:886)
	at io.netty.util.concurrent.FastThreadLocalRunnable.run(FastThreadLocalRunnable.java:30)
	at java.lang.Thread.run(Thread.java:748)
[ERROR] 2018-08-20 16:06:30,051 [com.zaly.push.apns.netty.NettyHttp2Connection] Failed to connect e={0}
java.lang.AbstractMethodError
	at io.netty.internal.tcnative.SSL.readFromSSL(Native Method)
	at io.netty.handler.ssl.ReferenceCountedOpenSslEngine.readPlaintextData(ReferenceCountedOpenSslEngine.java:486)
	at io.netty.handler.ssl.ReferenceCountedOpenSslEngine.unwrap(ReferenceCountedOpenSslEngine.java:1025)
	at io.netty.handler.ssl.ReferenceCountedOpenSslEngine.unwrap(ReferenceCountedOpenSslEngine.java:1132)
	at io.netty.handler.ssl.ReferenceCountedOpenSslEngine.unwrap(ReferenceCountedOpenSslEngine.java:1175)
	at io.netty.handler.ssl.SslHandler$SslEngineType$1.unwrap(SslHandler.java:216)
	at io.netty.handler.ssl.SslHandler.unwrap(SslHandler.java:1257)
	at io.netty.handler.ssl.SslHandler.decodeNonJdkCompatible(SslHandler.java:1171)
	at io.netty.handler.ssl.SslHandler.decode(SslHandler.java:1205)
	at io.netty.handler.codec.ByteToMessageDecoder.decodeRemovalReentryProtection(ByteToMessageDecoder.java:489)
	at io.netty.handler.codec.ByteToMessageDecoder.callDecode(ByteToMessageDecoder.java:428)
	at io.netty.handler.codec.ByteToMessageDecoder.channelRead(ByteToMessageDecoder.java:265)
	at io.netty.channel.AbstractChannelHandlerContext.invokeChannelRead(AbstractChannelHandlerContext.java:362)
	at io.netty.channel.AbstractChannelHandlerContext.invokeChannelRead(AbstractChannelHandlerContext.java:348)
	at io.netty.channel.AbstractChannelHandlerContext.fireChannelRead(AbstractChannelHandlerContext.java:340)
	at io.netty.channel.DefaultChannelPipeline$HeadContext.channelRead(DefaultChannelPipeline.java:1414)
	at io.netty.channel.AbstractChannelHandlerContext.invokeChannelRead(AbstractChannelHandlerContext.java:362)
	at io.netty.channel.AbstractChannelHandlerContext.invokeChannelRead(AbstractChannelHandlerContext.java:348)
	at io.netty.channel.DefaultChannelPipeline.fireChannelRead(DefaultChannelPipeline.java:945)
	at io.netty.channel.nio.AbstractNioByteChannel$NioByteUnsafe.read(AbstractNioByteChannel.java:146)
	at io.netty.channel.nio.NioEventLoop.processSelectedKey(NioEventLoop.java:645)
	at io.netty.channel.nio.NioEventLoop.processSelectedKeysOptimized(NioEventLoop.java:580)
	at io.netty.channel.nio.NioEventLoop.processSelectedKeys(NioEventLoop.java:497)
	at io.netty.channel.nio.NioEventLoop.run(NioEventLoop.java:459)
	at io.netty.util.concurrent.SingleThreadEventExecutor$5.run(SingleThreadEventExecutor.java:886)
	at io.netty.util.concurrent.FastThreadLocalRunnable.run(FastThreadLocalRunnable.java:30)
	at java.lang.Thread.run(Thread.java:748)
[ERROR] 2018-08-20 16:06:30,055 [com.zaly.push.apns.netty.NettyConnectionPool] check client state error! key=sandbox-client-0
[ERROR] 2018-08-20 16:06:45,933 [com.zaly.push.apns.netty.NettyHttp2Connection] Failed to connect e={0}
java.lang.AbstractMethodError
	at io.netty.internal.tcnative.SSL.readFromSSL(Native Method)
	at io.netty.handler.ssl.ReferenceCountedOpenSslEngine.readPlaintextData(ReferenceCountedOpenSslEngine.java:486)
	at io.netty.handler.ssl.ReferenceCountedOpenSslEngine.unwrap(ReferenceCountedOpenSslEngine.java:1025)
	at io.netty.handler.ssl.ReferenceCountedOpenSslEngine.unwrap(ReferenceCountedOpenSslEngine.java:1132)
	at io.netty.handler.ssl.ReferenceCountedOpenSslEngine.unwrap(ReferenceCountedOpenSslEngine.java:1175)
	at io.netty.handler.ssl.SslHandler$SslEngineType$1.unwrap(SslHandler.java:216)
	at io.netty.handler.ssl.SslHandler.unwrap(SslHandler.java:1257)
	at io.netty.handler.ssl.SslHandler.decodeNonJdkCompatible(SslHandler.java:1171)
	at io.netty.handler.ssl.SslHandler.decode(SslHandler.java:1205)
	at io.netty.handler.codec.ByteToMessageDecoder.decodeRemovalReentryProtection(ByteToMessageDecoder.java:489)
	at io.netty.handler.codec.ByteToMessageDecoder.callDecode(ByteToMessageDecoder.java:428)
	at io.netty.handler.codec.ByteToMessageDecoder.channelRead(ByteToMessageDecoder.java:265)
	at io.netty.channel.AbstractChannelHandlerContext.invokeChannelRead(AbstractChannelHandlerContext.java:362)
	at io.netty.channel.AbstractChannelHandlerContext.invokeChannelRead(AbstractChannelHandlerContext.java:348)
	at io.netty.channel.AbstractChannelHandlerContext.fireChannelRead(AbstractChannelHandlerContext.java:340)
	at io.netty.channel.DefaultChannelPipeline$HeadContext.channelRead(DefaultChannelPipeline.java:1414)
	at io.netty.channel.AbstractChannelHandlerContext.invokeChannelRead(AbstractChannelHandlerContext.java:362)
	at io.netty.channel.AbstractChannelHandlerContext.invokeChannelRead(AbstractChannelHandlerContext.java:348)
	at io.netty.channel.DefaultChannelPipeline.fireChannelRead(DefaultChannelPipeline.java:945)
	at io.netty.channel.nio.AbstractNioByteChannel$NioByteUnsafe.read(AbstractNioByteChannel.java:146)
	at io.netty.channel.nio.NioEventLoop.processSelectedKey(NioEventLoop.java:645)
	at io.netty.channel.nio.NioEventLoop.processSelectedKeysOptimized(NioEventLoop.java:580)
	at io.netty.channel.nio.NioEventLoop.processSelectedKeys(NioEventLoop.java:497)
	at io.netty.channel.nio.NioEventLoop.run(NioEventLoop.java:459)
	at io.netty.util.concurrent.SingleThreadEventExecutor$5.run(SingleThreadEventExecutor.java:886)
	at io.netty.util.concurrent.FastThreadLocalRunnable.run(FastThreadLocalRunnable.java:30)
	at java.lang.Thread.run(Thread.java:748)
[ERROR] 2018-08-20 16:06:45,935 [com.zaly.push.apns.netty.NettyConnectionPool] check client state error! key=sandbox-client-1
[ERROR] 2018-08-20 16:06:46,844 [com.zaly.push.apns.netty.NettyHttp2Connection] Failed to connect e={0}
java.lang.AbstractMethodError
	at io.netty.internal.tcnative.SSL.readFromSSL(Native Method)
	at io.netty.handler.ssl.ReferenceCountedOpenSslEngine.readPlaintextData(ReferenceCountedOpenSslEngine.java:486)
	at io.netty.handler.ssl.ReferenceCountedOpenSslEngine.unwrap(ReferenceCountedOpenSslEngine.java:1025)
	at io.netty.handler.ssl.ReferenceCountedOpenSslEngine.unwrap(ReferenceCountedOpenSslEngine.java:1132)
	at io.netty.handler.ssl.ReferenceCountedOpenSslEngine.unwrap(ReferenceCountedOpenSslEngine.java:1175)
	at io.netty.handler.ssl.SslHandler$SslEngineType$1.unwrap(SslHandler.java:216)
	at io.netty.handler.ssl.SslHandler.unwrap(SslHandler.java:1257)
	at io.netty.handler.ssl.SslHandler.decodeNonJdkCompatible(SslHandler.java:1171)
	at io.netty.handler.ssl.SslHandler.decode(SslHandler.java:1205)
	at io.netty.handler.codec.ByteToMessageDecoder.decodeRemovalReentryProtection(ByteToMessageDecoder.java:489)
	at io.netty.handler.codec.ByteToMessageDecoder.callDecode(ByteToMessageDecoder.java:428)
	at io.netty.handler.codec.ByteToMessageDecoder.channelRead(ByteToMessageDecoder.java:265)
	at io.netty.channel.AbstractChannelHandlerContext.invokeChannelRead(AbstractChannelHandlerContext.java:362)
	at io.netty.channel.AbstractChannelHandlerContext.invokeChannelRead(AbstractChannelHandlerContext.java:348)
	at io.netty.channel.AbstractChannelHandlerContext.fireChannelRead(AbstractChannelHandlerContext.java:340)
	at io.netty.channel.DefaultChannelPipeline$HeadContext.channelRead(DefaultChannelPipeline.java:1414)
	at io.netty.channel.AbstractChannelHandlerContext.invokeChannelRead(AbstractChannelHandlerContext.java:362)
	at io.netty.channel.AbstractChannelHandlerContext.invokeChannelRead(AbstractChannelHandlerContext.java:348)
	at io.netty.channel.DefaultChannelPipeline.fireChannelRead(DefaultChannelPipeline.java:945)
	at io.netty.channel.nio.AbstractNioByteChannel$NioByteUnsafe.read(AbstractNioByteChannel.java:146)
	at io.netty.channel.nio.NioEventLoop.processSelectedKey(NioEventLoop.java:645)
	at io.netty.channel.nio.NioEventLoop.processSelectedKeysOptimized(NioEventLoop.java:580)
	at io.netty.channel.nio.NioEventLoop.processSelectedKeys(NioEventLoop.java:497)
	at io.netty.channel.nio.NioEventLoop.run(NioEventLoop.java:459)
	at io.netty.util.concurrent.SingleThreadEventExecutor$5.run(SingleThreadEventExecutor.java:886)
	at io.netty.util.concurrent.FastThreadLocalRunnable.run(FastThreadLocalRunnable.java:30)
	at java.lang.Thread.run(Thread.java:748)
[ERROR] 2018-08-20 16:06:46,846 [com.zaly.push.apns.netty.NettyConnectionPool] check client state error! key=sandbox-client-0
[ERROR] 2018-08-20 16:07:02,730 [com.zaly.push.apns.netty.NettyHttp2Connection] Failed to connect e={0}
java.lang.AbstractMethodError
	at io.netty.internal.tcnative.SSL.readFromSSL(Native Method)
	at io.netty.handler.ssl.ReferenceCountedOpenSslEngine.readPlaintextData(ReferenceCountedOpenSslEngine.java:486)
	at io.netty.handler.ssl.ReferenceCountedOpenSslEngine.unwrap(ReferenceCountedOpenSslEngine.java:1025)
	at io.netty.handler.ssl.ReferenceCountedOpenSslEngine.unwrap(ReferenceCountedOpenSslEngine.java:1132)
	at io.netty.handler.ssl.ReferenceCountedOpenSslEngine.unwrap(ReferenceCountedOpenSslEngine.java:1175)
	at io.netty.handler.ssl.SslHandler$SslEngineType$1.unwrap(SslHandler.java:216)
	at io.netty.handler.ssl.SslHandler.unwrap(SslHandler.java:1257)
	at io.netty.handler.ssl.SslHandler.decodeNonJdkCompatible(SslHandler.java:1171)
	at io.netty.handler.ssl.SslHandler.decode(SslHandler.java:1205)
	at io.netty.handler.codec.ByteToMessageDecoder.decodeRemovalReentryProtection(ByteToMessageDecoder.java:489)
	at io.netty.handler.codec.ByteToMessageDecoder.callDecode(ByteToMessageDecoder.java:428)
	at io.netty.handler.codec.ByteToMessageDecoder.channelRead(ByteToMessageDecoder.java:265)
	at io.netty.channel.AbstractChannelHandlerContext.invokeChannelRead(AbstractChannelHandlerContext.java:362)
	at io.netty.channel.AbstractChannelHandlerContext.invokeChannelRead(AbstractChannelHandlerContext.java:348)
	at io.netty.channel.AbstractChannelHandlerContext.fireChannelRead(AbstractChannelHandlerContext.java:340)
	at io.netty.channel.DefaultChannelPipeline$HeadContext.channelRead(DefaultChannelPipeline.java:1414)
	at io.netty.channel.AbstractChannelHandlerContext.invokeChannelRead(AbstractChannelHandlerContext.java:362)
	at io.netty.channel.AbstractChannelHandlerContext.invokeChannelRead(AbstractChannelHandlerContext.java:348)
	at io.netty.channel.DefaultChannelPipeline.fireChannelRead(DefaultChannelPipeline.java:945)
	at io.netty.channel.nio.AbstractNioByteChannel$NioByteUnsafe.read(AbstractNioByteChannel.java:146)
	at io.netty.channel.nio.NioEventLoop.processSelectedKey(NioEventLoop.java:645)
	at io.netty.channel.nio.NioEventLoop.processSelectedKeysOptimized(NioEventLoop.java:580)
	at io.netty.channel.nio.NioEventLoop.processSelectedKeys(NioEventLoop.java:497)
	at io.netty.channel.nio.NioEventLoop.run(NioEventLoop.java:459)
	at io.netty.util.concurrent.SingleThreadEventExecutor$5.run(SingleThreadEventExecutor.java:886)
	at io.netty.util.concurrent.FastThreadLocalRunnable.run(FastThreadLocalRunnable.java:30)
	at java.lang.Thread.run(Thread.java:748)
[ERROR] 2018-08-20 16:07:02,736 [com.zaly.push.apns.netty.NettyConnectionPool] check client state error! key=sandbox-client-1
[ERROR] 2018-08-20 16:07:03,737 [com.zaly.push.apns.netty.NettyHttp2Connection] Failed to connect e={0}
java.lang.AbstractMethodError
	at io.netty.internal.tcnative.SSL.readFromSSL(Native Method)
	at io.netty.handler.ssl.ReferenceCountedOpenSslEngine.readPlaintextData(ReferenceCountedOpenSslEngine.java:486)
	at io.netty.handler.ssl.ReferenceCountedOpenSslEngine.unwrap(ReferenceCountedOpenSslEngine.java:1025)
	at io.netty.handler.ssl.ReferenceCountedOpenSslEngine.unwrap(ReferenceCountedOpenSslEngine.java:1132)
	at io.netty.handler.ssl.ReferenceCountedOpenSslEngine.unwrap(ReferenceCountedOpenSslEngine.java:1175)
	at io.netty.handler.ssl.SslHandler$SslEngineType$1.unwrap(SslHandler.java:216)
	at io.netty.handler.ssl.SslHandler.unwrap(SslHandler.java:1257)
	at io.netty.handler.ssl.SslHandler.decodeNonJdkCompatible(SslHandler.java:1171)
	at io.netty.handler.ssl.SslHandler.decode(SslHandler.java:1205)
	at io.netty.handler.codec.ByteToMessageDecoder.decodeRemovalReentryProtection(ByteToMessageDecoder.java:489)
	at io.netty.handler.codec.ByteToMessageDecoder.callDecode(ByteToMessageDecoder.java:428)
	at io.netty.handler.codec.ByteToMessageDecoder.channelRead(ByteToMessageDecoder.java:265)
	at io.netty.channel.AbstractChannelHandlerContext.invokeChannelRead(AbstractChannelHandlerContext.java:362)
	at io.netty.channel.AbstractChannelHandlerContext.invokeChannelRead(AbstractChannelHandlerContext.java:348)
	at io.netty.channel.AbstractChannelHandlerContext.fireChannelRead(AbstractChannelHandlerContext.java:340)
	at io.netty.channel.DefaultChannelPipeline$HeadContext.channelRead(DefaultChannelPipeline.java:1414)
	at io.netty.channel.AbstractChannelHandlerContext.invokeChannelRead(AbstractChannelHandlerContext.java:362)
	at io.netty.channel.AbstractChannelHandlerContext.invokeChannelRead(AbstractChannelHandlerContext.java:348)
	at io.netty.channel.DefaultChannelPipeline.fireChannelRead(DefaultChannelPipeline.java:945)
	at io.netty.channel.nio.AbstractNioByteChannel$NioByteUnsafe.read(AbstractNioByteChannel.java:146)
	at io.netty.channel.nio.NioEventLoop.processSelectedKey(NioEventLoop.java:645)
	at io.netty.channel.nio.NioEventLoop.processSelectedKeysOptimized(NioEventLoop.java:580)
	at io.netty.channel.nio.NioEventLoop.processSelectedKeys(NioEventLoop.java:497)
	at io.netty.channel.nio.NioEventLoop.run(NioEventLoop.java:459)
	at io.netty.util.concurrent.SingleThreadEventExecutor$5.run(SingleThreadEventExecutor.java:886)
	at io.netty.util.concurrent.FastThreadLocalRunnable.run(FastThreadLocalRunnable.java:30)
	at java.lang.Thread.run(Thread.java:748)
[ERROR] 2018-08-20 16:07:03,738 [com.zaly.push.apns.netty.NettyConnectionPool] check client state error! key=sandbox-client-0
[ERROR] 2018-08-20 16:07:19,754 [com.zaly.push.apns.netty.NettyConnectionPool] check client state error! key=sandbox-client-1
[ERROR] 2018-08-20 16:07:19,771 [com.zaly.push.apns.netty.NettyHttp2Connection] Failed to connect e={0}
java.lang.AbstractMethodError
	at io.netty.internal.tcnative.SSL.readFromSSL(Native Method)
	at io.netty.handler.ssl.ReferenceCountedOpenSslEngine.readPlaintextData(ReferenceCountedOpenSslEngine.java:486)
	at io.netty.handler.ssl.ReferenceCountedOpenSslEngine.unwrap(ReferenceCountedOpenSslEngine.java:1025)
	at io.netty.handler.ssl.ReferenceCountedOpenSslEngine.unwrap(ReferenceCountedOpenSslEngine.java:1132)
	at io.netty.handler.ssl.ReferenceCountedOpenSslEngine.unwrap(ReferenceCountedOpenSslEngine.java:1175)
	at io.netty.handler.ssl.SslHandler$SslEngineType$1.unwrap(SslHandler.java:216)
	at io.netty.handler.ssl.SslHandler.unwrap(SslHandler.java:1257)
	at io.netty.handler.ssl.SslHandler.decodeNonJdkCompatible(SslHandler.java:1171)
	at io.netty.handler.ssl.SslHandler.decode(SslHandler.java:1205)
	at io.netty.handler.codec.ByteToMessageDecoder.decodeRemovalReentryProtection(ByteToMessageDecoder.java:489)
	at io.netty.handler.codec.ByteToMessageDecoder.callDecode(ByteToMessageDecoder.java:428)
	at io.netty.handler.codec.ByteToMessageDecoder.channelRead(ByteToMessageDecoder.java:265)
	at io.netty.channel.AbstractChannelHandlerContext.invokeChannelRead(AbstractChannelHandlerContext.java:362)
	at io.netty.channel.AbstractChannelHandlerContext.invokeChannelRead(AbstractChannelHandlerContext.java:348)
	at io.netty.channel.AbstractChannelHandlerContext.fireChannelRead(AbstractChannelHandlerContext.java:340)
	at io.netty.channel.DefaultChannelPipeline$HeadContext.channelRead(DefaultChannelPipeline.java:1414)
	at io.netty.channel.AbstractChannelHandlerContext.invokeChannelRead(AbstractChannelHandlerContext.java:362)
	at io.netty.channel.AbstractChannelHandlerContext.invokeChannelRead(AbstractChannelHandlerContext.java:348)
	at io.netty.channel.DefaultChannelPipeline.fireChannelRead(DefaultChannelPipeline.java:945)
	at io.netty.channel.nio.AbstractNioByteChannel$NioByteUnsafe.read(AbstractNioByteChannel.java:146)
	at io.netty.channel.nio.NioEventLoop.processSelectedKey(NioEventLoop.java:645)
	at io.netty.channel.nio.NioEventLoop.processSelectedKeysOptimized(NioEventLoop.java:580)
	at io.netty.channel.nio.NioEventLoop.processSelectedKeys(NioEventLoop.java:497)
	at io.netty.channel.nio.NioEventLoop.run(NioEventLoop.java:459)
	at io.netty.util.concurrent.SingleThreadEventExecutor$5.run(SingleThreadEventExecutor.java:886)
	at io.netty.util.concurrent.FastThreadLocalRunnable.run(FastThreadLocalRunnable.java:30)
	at java.lang.Thread.run(Thread.java:748)
[ERROR] 2018-08-20 16:07:20,638 [com.zaly.push.apns.netty.NettyHttp2Connection] Failed to connect e={0}
java.lang.AbstractMethodError
	at io.netty.internal.tcnative.SSL.readFromSSL(Native Method)
	at io.netty.handler.ssl.ReferenceCountedOpenSslEngine.readPlaintextData(ReferenceCountedOpenSslEngine.java:486)
	at io.netty.handler.ssl.ReferenceCountedOpenSslEngine.unwrap(ReferenceCountedOpenSslEngine.java:1025)
	at io.netty.handler.ssl.ReferenceCountedOpenSslEngine.unwrap(ReferenceCountedOpenSslEngine.java:1132)
	at io.netty.handler.ssl.ReferenceCountedOpenSslEngine.unwrap(ReferenceCountedOpenSslEngine.java:1175)
	at io.netty.handler.ssl.SslHandler$SslEngineType$1.unwrap(SslHandler.java:216)
	at io.netty.handler.ssl.SslHandler.unwrap(SslHandler.java:1257)
	at io.netty.handler.ssl.SslHandler.decodeNonJdkCompatible(SslHandler.java:1171)
	at io.netty.handler.ssl.SslHandler.decode(SslHandler.java:1205)
	at io.netty.handler.codec.ByteToMessageDecoder.decodeRemovalReentryProtection(ByteToMessageDecoder.java:489)
	at io.netty.handler.codec.ByteToMessageDecoder.callDecode(ByteToMessageDecoder.java:428)
	at io.netty.handler.codec.ByteToMessageDecoder.channelRead(ByteToMessageDecoder.java:265)
	at io.netty.channel.AbstractChannelHandlerContext.invokeChannelRead(AbstractChannelHandlerContext.java:362)
	at io.netty.channel.AbstractChannelHandlerContext.invokeChannelRead(AbstractChannelHandlerContext.java:348)
	at io.netty.channel.AbstractChannelHandlerContext.fireChannelRead(AbstractChannelHandlerContext.java:340)
	at io.netty.channel.DefaultChannelPipeline$HeadContext.channelRead(DefaultChannelPipeline.java:1414)
	at io.netty.channel.AbstractChannelHandlerContext.invokeChannelRead(AbstractChannelHandlerContext.java:362)
	at io.netty.channel.AbstractChannelHandlerContext.invokeChannelRead(AbstractChannelHandlerContext.java:348)
	at io.netty.channel.DefaultChannelPipeline.fireChannelRead(DefaultChannelPipeline.java:945)
	at io.netty.channel.nio.AbstractNioByteChannel$NioByteUnsafe.read(AbstractNioByteChannel.java:146)
	at io.netty.channel.nio.NioEventLoop.processSelectedKey(NioEventLoop.java:645)
	at io.netty.channel.nio.NioEventLoop.processSelectedKeysOptimized(NioEventLoop.java:580)
	at io.netty.channel.nio.NioEventLoop.processSelectedKeys(NioEventLoop.java:497)
	at io.netty.channel.nio.NioEventLoop.run(NioEventLoop.java:459)
	at io.netty.util.concurrent.SingleThreadEventExecutor$5.run(SingleThreadEventExecutor.java:886)
	at io.netty.util.concurrent.FastThreadLocalRunnable.run(FastThreadLocalRunnable.java:30)
	at java.lang.Thread.run(Thread.java:748)
[ERROR] 2018-08-20 16:07:20,639 [com.zaly.push.apns.netty.NettyConnectionPool] check client state error! key=sandbox-client-0
[ERROR] 2018-08-20 16:07:36,519 [com.zaly.push.apns.netty.NettyHttp2Connection] Failed to connect e={0}
java.lang.AbstractMethodError
	at io.netty.internal.tcnative.SSL.readFromSSL(Native Method)
	at io.netty.handler.ssl.ReferenceCountedOpenSslEngine.readPlaintextData(ReferenceCountedOpenSslEngine.java:486)
	at io.netty.handler.ssl.ReferenceCountedOpenSslEngine.unwrap(ReferenceCountedOpenSslEngine.java:1025)
	at io.netty.handler.ssl.ReferenceCountedOpenSslEngine.unwrap(ReferenceCountedOpenSslEngine.java:1132)
	at io.netty.handler.ssl.ReferenceCountedOpenSslEngine.unwrap(ReferenceCountedOpenSslEngine.java:1175)
	at io.netty.handler.ssl.SslHandler$SslEngineType$1.unwrap(SslHandler.java:216)
	at io.netty.handler.ssl.SslHandler.unwrap(SslHandler.java:1257)
	at io.netty.handler.ssl.SslHandler.decodeNonJdkCompatible(SslHandler.java:1171)
	at io.netty.handler.ssl.SslHandler.decode(SslHandler.java:1205)
	at io.netty.handler.codec.ByteToMessageDecoder.decodeRemovalReentryProtection(ByteToMessageDecoder.java:489)
	at io.netty.handler.codec.ByteToMessageDecoder.callDecode(ByteToMessageDecoder.java:428)
	at io.netty.handler.codec.ByteToMessageDecoder.channelRead(ByteToMessageDecoder.java:265)
	at io.netty.channel.AbstractChannelHandlerContext.invokeChannelRead(AbstractChannelHandlerContext.java:362)
	at io.netty.channel.AbstractChannelHandlerContext.invokeChannelRead(AbstractChannelHandlerContext.java:348)
	at io.netty.channel.AbstractChannelHandlerContext.fireChannelRead(AbstractChannelHandlerContext.java:340)
	at io.netty.channel.DefaultChannelPipeline$HeadContext.channelRead(DefaultChannelPipeline.java:1414)
	at io.netty.channel.AbstractChannelHandlerContext.invokeChannelRead(AbstractChannelHandlerContext.java:362)
	at io.netty.channel.AbstractChannelHandlerContext.invokeChannelRead(AbstractChannelHandlerContext.java:348)
	at io.netty.channel.DefaultChannelPipeline.fireChannelRead(DefaultChannelPipeline.java:945)
	at io.netty.channel.nio.AbstractNioByteChannel$NioByteUnsafe.read(AbstractNioByteChannel.java:146)
	at io.netty.channel.nio.NioEventLoop.processSelectedKey(NioEventLoop.java:645)
	at io.netty.channel.nio.NioEventLoop.processSelectedKeysOptimized(NioEventLoop.java:580)
	at io.netty.channel.nio.NioEventLoop.processSelectedKeys(NioEventLoop.java:497)
	at io.netty.channel.nio.NioEventLoop.run(NioEventLoop.java:459)
	at io.netty.util.concurrent.SingleThreadEventExecutor$5.run(SingleThreadEventExecutor.java:886)
	at io.netty.util.concurrent.FastThreadLocalRunnable.run(FastThreadLocalRunnable.java:30)
	at java.lang.Thread.run(Thread.java:748)
[ERROR] 2018-08-20 16:07:36,521 [com.zaly.push.apns.netty.NettyConnectionPool] check client state error! key=sandbox-client-1
[ERROR] 2018-08-20 16:07:37,441 [com.zaly.push.apns.netty.NettyHttp2Connection] Failed to connect e={0}
java.lang.AbstractMethodError
	at io.netty.internal.tcnative.SSL.readFromSSL(Native Method)
	at io.netty.handler.ssl.ReferenceCountedOpenSslEngine.readPlaintextData(ReferenceCountedOpenSslEngine.java:486)
	at io.netty.handler.ssl.ReferenceCountedOpenSslEngine.unwrap(ReferenceCountedOpenSslEngine.java:1025)
	at io.netty.handler.ssl.ReferenceCountedOpenSslEngine.unwrap(ReferenceCountedOpenSslEngine.java:1132)
	at io.netty.handler.ssl.ReferenceCountedOpenSslEngine.unwrap(ReferenceCountedOpenSslEngine.java:1175)
	at io.netty.handler.ssl.SslHandler$SslEngineType$1.unwrap(SslHandler.java:216)
	at io.netty.handler.ssl.SslHandler.unwrap(SslHandler.java:1257)
	at io.netty.handler.ssl.SslHandler.decodeNonJdkCompatible(SslHandler.java:1171)
	at io.netty.handler.ssl.SslHandler.decode(SslHandler.java:1205)
	at io.netty.handler.codec.ByteToMessageDecoder.decodeRemovalReentryProtection(ByteToMessageDecoder.java:489)
	at io.netty.handler.codec.ByteToMessageDecoder.callDecode(ByteToMessageDecoder.java:428)
	at io.netty.handler.codec.ByteToMessageDecoder.channelRead(ByteToMessageDecoder.java:265)
	at io.netty.channel.AbstractChannelHandlerContext.invokeChannelRead(AbstractChannelHandlerContext.java:362)
	at io.netty.channel.AbstractChannelHandlerContext.invokeChannelRead(AbstractChannelHandlerContext.java:348)
	at io.netty.channel.AbstractChannelHandlerContext.fireChannelRead(AbstractChannelHandlerContext.java:340)
	at io.netty.channel.DefaultChannelPipeline$HeadContext.channelRead(DefaultChannelPipeline.java:1414)
	at io.netty.channel.AbstractChannelHandlerContext.invokeChannelRead(AbstractChannelHandlerContext.java:362)
	at io.netty.channel.AbstractChannelHandlerContext.invokeChannelRead(AbstractChannelHandlerContext.java:348)
	at io.netty.channel.DefaultChannelPipeline.fireChannelRead(DefaultChannelPipeline.java:945)
	at io.netty.channel.nio.AbstractNioByteChannel$NioByteUnsafe.read(AbstractNioByteChannel.java:146)
	at io.netty.channel.nio.NioEventLoop.processSelectedKey(NioEventLoop.java:645)
	at io.netty.channel.nio.NioEventLoop.processSelectedKeysOptimized(NioEventLoop.java:580)
	at io.netty.channel.nio.NioEventLoop.processSelectedKeys(NioEventLoop.java:497)
	at io.netty.channel.nio.NioEventLoop.run(NioEventLoop.java:459)
	at io.netty.util.concurrent.SingleThreadEventExecutor$5.run(SingleThreadEventExecutor.java:886)
	at io.netty.util.concurrent.FastThreadLocalRunnable.run(FastThreadLocalRunnable.java:30)
	at java.lang.Thread.run(Thread.java:748)
[ERROR] 2018-08-20 16:07:37,443 [com.zaly.push.apns.netty.NettyConnectionPool] check client state error! key=sandbox-client-0
[ERROR] 2018-08-20 16:07:53,311 [com.zaly.push.apns.netty.NettyHttp2Connection] Failed to connect e={0}
java.lang.AbstractMethodError
	at io.netty.internal.tcnative.SSL.readFromSSL(Native Method)
	at io.netty.handler.ssl.ReferenceCountedOpenSslEngine.readPlaintextData(ReferenceCountedOpenSslEngine.java:486)
	at io.netty.handler.ssl.ReferenceCountedOpenSslEngine.unwrap(ReferenceCountedOpenSslEngine.java:1025)
	at io.netty.handler.ssl.ReferenceCountedOpenSslEngine.unwrap(ReferenceCountedOpenSslEngine.java:1132)
	at io.netty.handler.ssl.ReferenceCountedOpenSslEngine.unwrap(ReferenceCountedOpenSslEngine.java:1175)
	at io.netty.handler.ssl.SslHandler$SslEngineType$1.unwrap(SslHandler.java:216)
	at io.netty.handler.ssl.SslHandler.unwrap(SslHandler.java:1257)
	at io.netty.handler.ssl.SslHandler.decodeNonJdkCompatible(SslHandler.java:1171)
	at io.netty.handler.ssl.SslHandler.decode(SslHandler.java:1205)
	at io.netty.handler.codec.ByteToMessageDecoder.decodeRemovalReentryProtection(ByteToMessageDecoder.java:489)
	at io.netty.handler.codec.ByteToMessageDecoder.callDecode(ByteToMessageDecoder.java:428)
	at io.netty.handler.codec.ByteToMessageDecoder.channelRead(ByteToMessageDecoder.java:265)
	at io.netty.channel.AbstractChannelHandlerContext.invokeChannelRead(AbstractChannelHandlerContext.java:362)
	at io.netty.channel.AbstractChannelHandlerContext.invokeChannelRead(AbstractChannelHandlerContext.java:348)
	at io.netty.channel.AbstractChannelHandlerContext.fireChannelRead(AbstractChannelHandlerContext.java:340)
	at io.netty.channel.DefaultChannelPipeline$HeadContext.channelRead(DefaultChannelPipeline.java:1414)
	at io.netty.channel.AbstractChannelHandlerContext.invokeChannelRead(AbstractChannelHandlerContext.java:362)
	at io.netty.channel.AbstractChannelHandlerContext.invokeChannelRead(AbstractChannelHandlerContext.java:348)
	at io.netty.channel.DefaultChannelPipeline.fireChannelRead(DefaultChannelPipeline.java:945)
	at io.netty.channel.nio.AbstractNioByteChannel$NioByteUnsafe.read(AbstractNioByteChannel.java:146)
	at io.netty.channel.nio.NioEventLoop.processSelectedKey(NioEventLoop.java:645)
	at io.netty.channel.nio.NioEventLoop.processSelectedKeysOptimized(NioEventLoop.java:580)
	at io.netty.channel.nio.NioEventLoop.processSelectedKeys(NioEventLoop.java:497)
	at io.netty.channel.nio.NioEventLoop.run(NioEventLoop.java:459)
	at io.netty.util.concurrent.SingleThreadEventExecutor$5.run(SingleThreadEventExecutor.java:886)
	at io.netty.util.concurrent.FastThreadLocalRunnable.run(FastThreadLocalRunnable.java:30)
	at java.lang.Thread.run(Thread.java:748)
[ERROR] 2018-08-20 16:07:53,312 [com.zaly.push.apns.netty.NettyConnectionPool] check client state error! key=sandbox-client-1
[ERROR] 2018-08-20 16:07:54,219 [com.zaly.push.apns.netty.NettyHttp2Connection] Failed to connect e={0}
java.lang.AbstractMethodError
	at io.netty.internal.tcnative.SSL.readFromSSL(Native Method)
	at io.netty.handler.ssl.ReferenceCountedOpenSslEngine.readPlaintextData(ReferenceCountedOpenSslEngine.java:486)
	at io.netty.handler.ssl.ReferenceCountedOpenSslEngine.unwrap(ReferenceCountedOpenSslEngine.java:1025)
	at io.netty.handler.ssl.ReferenceCountedOpenSslEngine.unwrap(ReferenceCountedOpenSslEngine.java:1132)
	at io.netty.handler.ssl.ReferenceCountedOpenSslEngine.unwrap(ReferenceCountedOpenSslEngine.java:1175)
	at io.netty.handler.ssl.SslHandler$SslEngineType$1.unwrap(SslHandler.java:216)
	at io.netty.handler.ssl.SslHandler.unwrap(SslHandler.java:1257)
	at io.netty.handler.ssl.SslHandler.decodeNonJdkCompatible(SslHandler.java:1171)
	at io.netty.handler.ssl.SslHandler.decode(SslHandler.java:1205)
	at io.netty.handler.codec.ByteToMessageDecoder.decodeRemovalReentryProtection(ByteToMessageDecoder.java:489)
	at io.netty.handler.codec.ByteToMessageDecoder.callDecode(ByteToMessageDecoder.java:428)
	at io.netty.handler.codec.ByteToMessageDecoder.channelRead(ByteToMessageDecoder.java:265)
	at io.netty.channel.AbstractChannelHandlerContext.invokeChannelRead(AbstractChannelHandlerContext.java:362)
	at io.netty.channel.AbstractChannelHandlerContext.invokeChannelRead(AbstractChannelHandlerContext.java:348)
	at io.netty.channel.AbstractChannelHandlerContext.fireChannelRead(AbstractChannelHandlerContext.java:340)
	at io.netty.channel.DefaultChannelPipeline$HeadContext.channelRead(DefaultChannelPipeline.java:1414)
	at io.netty.channel.AbstractChannelHandlerContext.invokeChannelRead(AbstractChannelHandlerContext.java:362)
	at io.netty.channel.AbstractChannelHandlerContext.invokeChannelRead(AbstractChannelHandlerContext.java:348)
	at io.netty.channel.DefaultChannelPipeline.fireChannelRead(DefaultChannelPipeline.java:945)
	at io.netty.channel.nio.AbstractNioByteChannel$NioByteUnsafe.read(AbstractNioByteChannel.java:146)
	at io.netty.channel.nio.NioEventLoop.processSelectedKey(NioEventLoop.java:645)
	at io.netty.channel.nio.NioEventLoop.processSelectedKeysOptimized(NioEventLoop.java:580)
	at io.netty.channel.nio.NioEventLoop.processSelectedKeys(NioEventLoop.java:497)
	at io.netty.channel.nio.NioEventLoop.run(NioEventLoop.java:459)
	at io.netty.util.concurrent.SingleThreadEventExecutor$5.run(SingleThreadEventExecutor.java:886)
	at io.netty.util.concurrent.FastThreadLocalRunnable.run(FastThreadLocalRunnable.java:30)
	at java.lang.Thread.run(Thread.java:748)
[ERROR] 2018-08-20 16:07:54,221 [com.zaly.push.apns.netty.NettyConnectionPool] check client state error! key=sandbox-client-0
[ERROR] 2018-08-20 16:08:10,095 [com.zaly.push.apns.netty.NettyHttp2Connection] Failed to connect e={0}
java.lang.AbstractMethodError
	at io.netty.internal.tcnative.SSL.readFromSSL(Native Method)
	at io.netty.handler.ssl.ReferenceCountedOpenSslEngine.readPlaintextData(ReferenceCountedOpenSslEngine.java:486)
	at io.netty.handler.ssl.ReferenceCountedOpenSslEngine.unwrap(ReferenceCountedOpenSslEngine.java:1025)
	at io.netty.handler.ssl.ReferenceCountedOpenSslEngine.unwrap(ReferenceCountedOpenSslEngine.java:1132)
	at io.netty.handler.ssl.ReferenceCountedOpenSslEngine.unwrap(ReferenceCountedOpenSslEngine.java:1175)
	at io.netty.handler.ssl.SslHandler$SslEngineType$1.unwrap(SslHandler.java:216)
	at io.netty.handler.ssl.SslHandler.unwrap(SslHandler.java:1257)
	at io.netty.handler.ssl.SslHandler.decodeNonJdkCompatible(SslHandler.java:1171)
	at io.netty.handler.ssl.SslHandler.decode(SslHandler.java:1205)
	at io.netty.handler.codec.ByteToMessageDecoder.decodeRemovalReentryProtection(ByteToMessageDecoder.java:489)
	at io.netty.handler.codec.ByteToMessageDecoder.callDecode(ByteToMessageDecoder.java:428)
	at io.netty.handler.codec.ByteToMessageDecoder.channelRead(ByteToMessageDecoder.java:265)
	at io.netty.channel.AbstractChannelHandlerContext.invokeChannelRead(AbstractChannelHandlerContext.java:362)
	at io.netty.channel.AbstractChannelHandlerContext.invokeChannelRead(AbstractChannelHandlerContext.java:348)
	at io.netty.channel.AbstractChannelHandlerContext.fireChannelRead(AbstractChannelHandlerContext.java:340)
	at io.netty.channel.DefaultChannelPipeline$HeadContext.channelRead(DefaultChannelPipeline.java:1414)
	at io.netty.channel.AbstractChannelHandlerContext.invokeChannelRead(AbstractChannelHandlerContext.java:362)
	at io.netty.channel.AbstractChannelHandlerContext.invokeChannelRead(AbstractChannelHandlerContext.java:348)
	at io.netty.channel.DefaultChannelPipeline.fireChannelRead(DefaultChannelPipeline.java:945)
	at io.netty.channel.nio.AbstractNioByteChannel$NioByteUnsafe.read(AbstractNioByteChannel.java:146)
	at io.netty.channel.nio.NioEventLoop.processSelectedKey(NioEventLoop.java:645)
	at io.netty.channel.nio.NioEventLoop.processSelectedKeysOptimized(NioEventLoop.java:580)
	at io.netty.channel.nio.NioEventLoop.processSelectedKeys(NioEventLoop.java:497)
	at io.netty.channel.nio.NioEventLoop.run(NioEventLoop.java:459)
	at io.netty.util.concurrent.SingleThreadEventExecutor$5.run(SingleThreadEventExecutor.java:886)
	at io.netty.util.concurrent.FastThreadLocalRunnable.run(FastThreadLocalRunnable.java:30)
	at java.lang.Thread.run(Thread.java:748)
[ERROR] 2018-08-20 16:08:10,098 [com.zaly.push.apns.netty.NettyConnectionPool] check client state error! key=sandbox-client-1
[ERROR] 2018-08-20 16:08:11,105 [com.zaly.push.apns.netty.NettyConnectionPool] check client state error! key=sandbox-client-0
[ERROR] 2018-08-20 16:08:11,111 [com.zaly.push.apns.netty.NettyHttp2Connection] Failed to connect e={0}
java.lang.AbstractMethodError
	at io.netty.internal.tcnative.SSL.readFromSSL(Native Method)
	at io.netty.handler.ssl.ReferenceCountedOpenSslEngine.readPlaintextData(ReferenceCountedOpenSslEngine.java:486)
	at io.netty.handler.ssl.ReferenceCountedOpenSslEngine.unwrap(ReferenceCountedOpenSslEngine.java:1025)
	at io.netty.handler.ssl.ReferenceCountedOpenSslEngine.unwrap(ReferenceCountedOpenSslEngine.java:1132)
	at io.netty.handler.ssl.ReferenceCountedOpenSslEngine.unwrap(ReferenceCountedOpenSslEngine.java:1175)
	at io.netty.handler.ssl.SslHandler$SslEngineType$1.unwrap(SslHandler.java:216)
	at io.netty.handler.ssl.SslHandler.unwrap(SslHandler.java:1257)
	at io.netty.handler.ssl.SslHandler.decodeNonJdkCompatible(SslHandler.java:1171)
	at io.netty.handler.ssl.SslHandler.decode(SslHandler.java:1205)
	at io.netty.handler.codec.ByteToMessageDecoder.decodeRemovalReentryProtection(ByteToMessageDecoder.java:489)
	at io.netty.handler.codec.ByteToMessageDecoder.callDecode(ByteToMessageDecoder.java:428)
	at io.netty.handler.codec.ByteToMessageDecoder.channelRead(ByteToMessageDecoder.java:265)
	at io.netty.channel.AbstractChannelHandlerContext.invokeChannelRead(AbstractChannelHandlerContext.java:362)
	at io.netty.channel.AbstractChannelHandlerContext.invokeChannelRead(AbstractChannelHandlerContext.java:348)
	at io.netty.channel.AbstractChannelHandlerContext.fireChannelRead(AbstractChannelHandlerContext.java:340)
	at io.netty.channel.DefaultChannelPipeline$HeadContext.channelRead(DefaultChannelPipeline.java:1414)
	at io.netty.channel.AbstractChannelHandlerContext.invokeChannelRead(AbstractChannelHandlerContext.java:362)
	at io.netty.channel.AbstractChannelHandlerContext.invokeChannelRead(AbstractChannelHandlerContext.java:348)
	at io.netty.channel.DefaultChannelPipeline.fireChannelRead(DefaultChannelPipeline.java:945)
	at io.netty.channel.nio.AbstractNioByteChannel$NioByteUnsafe.read(AbstractNioByteChannel.java:146)
	at io.netty.channel.nio.NioEventLoop.processSelectedKey(NioEventLoop.java:645)
	at io.netty.channel.nio.NioEventLoop.processSelectedKeysOptimized(NioEventLoop.java:580)
	at io.netty.channel.nio.NioEventLoop.processSelectedKeys(NioEventLoop.java:497)
	at io.netty.channel.nio.NioEventLoop.run(NioEventLoop.java:459)
	at io.netty.util.concurrent.SingleThreadEventExecutor$5.run(SingleThreadEventExecutor.java:886)
	at io.netty.util.concurrent.FastThreadLocalRunnable.run(FastThreadLocalRunnable.java:30)
	at java.lang.Thread.run(Thread.java:748)
[ERROR] 2018-08-20 16:08:27,117 [com.zaly.push.apns.netty.NettyConnectionPool] check client state error! key=sandbox-client-1
[ERROR] 2018-08-20 16:08:27,397 [com.zaly.push.apns.netty.NettyHttp2Connection] Failed to connect e={0}
java.lang.AbstractMethodError
	at io.netty.internal.tcnative.SSL.readFromSSL(Native Method)
	at io.netty.handler.ssl.ReferenceCountedOpenSslEngine.readPlaintextData(ReferenceCountedOpenSslEngine.java:486)
	at io.netty.handler.ssl.ReferenceCountedOpenSslEngine.unwrap(ReferenceCountedOpenSslEngine.java:1025)
	at io.netty.handler.ssl.ReferenceCountedOpenSslEngine.unwrap(ReferenceCountedOpenSslEngine.java:1132)
	at io.netty.handler.ssl.ReferenceCountedOpenSslEngine.unwrap(ReferenceCountedOpenSslEngine.java:1175)
	at io.netty.handler.ssl.SslHandler$SslEngineType$1.unwrap(SslHandler.java:216)
	at io.netty.handler.ssl.SslHandler.unwrap(SslHandler.java:1257)
	at io.netty.handler.ssl.SslHandler.decodeNonJdkCompatible(SslHandler.java:1171)
	at io.netty.handler.ssl.SslHandler.decode(SslHandler.java:1205)
	at io.netty.handler.codec.ByteToMessageDecoder.decodeRemovalReentryProtection(ByteToMessageDecoder.java:489)
	at io.netty.handler.codec.ByteToMessageDecoder.callDecode(ByteToMessageDecoder.java:428)
	at io.netty.handler.codec.ByteToMessageDecoder.channelRead(ByteToMessageDecoder.java:265)
	at io.netty.channel.AbstractChannelHandlerContext.invokeChannelRead(AbstractChannelHandlerContext.java:362)
	at io.netty.channel.AbstractChannelHandlerContext.invokeChannelRead(AbstractChannelHandlerContext.java:348)
	at io.netty.channel.AbstractChannelHandlerContext.fireChannelRead(AbstractChannelHandlerContext.java:340)
	at io.netty.channel.DefaultChannelPipeline$HeadContext.channelRead(DefaultChannelPipeline.java:1414)
	at io.netty.channel.AbstractChannelHandlerContext.invokeChannelRead(AbstractChannelHandlerContext.java:362)
	at io.netty.channel.AbstractChannelHandlerContext.invokeChannelRead(AbstractChannelHandlerContext.java:348)
	at io.netty.channel.DefaultChannelPipeline.fireChannelRead(DefaultChannelPipeline.java:945)
	at io.netty.channel.nio.AbstractNioByteChannel$NioByteUnsafe.read(AbstractNioByteChannel.java:146)
	at io.netty.channel.nio.NioEventLoop.processSelectedKey(NioEventLoop.java:645)
	at io.netty.channel.nio.NioEventLoop.processSelectedKeysOptimized(NioEventLoop.java:580)
	at io.netty.channel.nio.NioEventLoop.processSelectedKeys(NioEventLoop.java:497)
	at io.netty.channel.nio.NioEventLoop.run(NioEventLoop.java:459)
	at io.netty.util.concurrent.SingleThreadEventExecutor$5.run(SingleThreadEventExecutor.java:886)
	at io.netty.util.concurrent.FastThreadLocalRunnable.run(FastThreadLocalRunnable.java:30)
	at java.lang.Thread.run(Thread.java:748)
[ERROR] 2018-08-20 16:08:27,958 [com.zaly.push.apns.netty.NettyHttp2Connection] Failed to connect e={0}
java.lang.AbstractMethodError
	at io.netty.internal.tcnative.SSL.readFromSSL(Native Method)
	at io.netty.handler.ssl.ReferenceCountedOpenSslEngine.readPlaintextData(ReferenceCountedOpenSslEngine.java:486)
	at io.netty.handler.ssl.ReferenceCountedOpenSslEngine.unwrap(ReferenceCountedOpenSslEngine.java:1025)
	at io.netty.handler.ssl.ReferenceCountedOpenSslEngine.unwrap(ReferenceCountedOpenSslEngine.java:1132)
	at io.netty.handler.ssl.ReferenceCountedOpenSslEngine.unwrap(ReferenceCountedOpenSslEngine.java:1175)
	at io.netty.handler.ssl.SslHandler$SslEngineType$1.unwrap(SslHandler.java:216)
	at io.netty.handler.ssl.SslHandler.unwrap(SslHandler.java:1257)
	at io.netty.handler.ssl.SslHandler.decodeNonJdkCompatible(SslHandler.java:1171)
	at io.netty.handler.ssl.SslHandler.decode(SslHandler.java:1205)
	at io.netty.handler.codec.ByteToMessageDecoder.decodeRemovalReentryProtection(ByteToMessageDecoder.java:489)
	at io.netty.handler.codec.ByteToMessageDecoder.callDecode(ByteToMessageDecoder.java:428)
	at io.netty.handler.codec.ByteToMessageDecoder.channelRead(ByteToMessageDecoder.java:265)
	at io.netty.channel.AbstractChannelHandlerContext.invokeChannelRead(AbstractChannelHandlerContext.java:362)
	at io.netty.channel.AbstractChannelHandlerContext.invokeChannelRead(AbstractChannelHandlerContext.java:348)
	at io.netty.channel.AbstractChannelHandlerContext.fireChannelRead(AbstractChannelHandlerContext.java:340)
	at io.netty.channel.DefaultChannelPipeline$HeadContext.channelRead(DefaultChannelPipeline.java:1414)
	at io.netty.channel.AbstractChannelHandlerContext.invokeChannelRead(AbstractChannelHandlerContext.java:362)
	at io.netty.channel.AbstractChannelHandlerContext.invokeChannelRead(AbstractChannelHandlerContext.java:348)
	at io.netty.channel.DefaultChannelPipeline.fireChannelRead(DefaultChannelPipeline.java:945)
	at io.netty.channel.nio.AbstractNioByteChannel$NioByteUnsafe.read(AbstractNioByteChannel.java:146)
	at io.netty.channel.nio.NioEventLoop.processSelectedKey(NioEventLoop.java:645)
	at io.netty.channel.nio.NioEventLoop.processSelectedKeysOptimized(NioEventLoop.java:580)
	at io.netty.channel.nio.NioEventLoop.processSelectedKeys(NioEventLoop.java:497)
	at io.netty.channel.nio.NioEventLoop.run(NioEventLoop.java:459)
	at io.netty.util.concurrent.SingleThreadEventExecutor$5.run(SingleThreadEventExecutor.java:886)
	at io.netty.util.concurrent.FastThreadLocalRunnable.run(FastThreadLocalRunnable.java:30)
	at java.lang.Thread.run(Thread.java:748)
[ERROR] 2018-08-20 16:08:27,960 [com.zaly.push.apns.netty.NettyConnectionPool] check client state error! key=sandbox-client-0
[ERROR] 2018-08-20 16:08:43,888 [com.zaly.push.apns.netty.NettyHttp2Connection] Failed to connect e={0}
java.lang.AbstractMethodError
	at io.netty.internal.tcnative.SSL.readFromSSL(Native Method)
	at io.netty.handler.ssl.ReferenceCountedOpenSslEngine.readPlaintextData(ReferenceCountedOpenSslEngine.java:486)
	at io.netty.handler.ssl.ReferenceCountedOpenSslEngine.unwrap(ReferenceCountedOpenSslEngine.java:1025)
	at io.netty.handler.ssl.ReferenceCountedOpenSslEngine.unwrap(ReferenceCountedOpenSslEngine.java:1132)
	at io.netty.handler.ssl.ReferenceCountedOpenSslEngine.unwrap(ReferenceCountedOpenSslEngine.java:1175)
	at io.netty.handler.ssl.SslHandler$SslEngineType$1.unwrap(SslHandler.java:216)
	at io.netty.handler.ssl.SslHandler.unwrap(SslHandler.java:1257)
	at io.netty.handler.ssl.SslHandler.decodeNonJdkCompatible(SslHandler.java:1171)
	at io.netty.handler.ssl.SslHandler.decode(SslHandler.java:1205)
	at io.netty.handler.codec.ByteToMessageDecoder.decodeRemovalReentryProtection(ByteToMessageDecoder.java:489)
	at io.netty.handler.codec.ByteToMessageDecoder.callDecode(ByteToMessageDecoder.java:428)
	at io.netty.handler.codec.ByteToMessageDecoder.channelRead(ByteToMessageDecoder.java:265)
	at io.netty.channel.AbstractChannelHandlerContext.invokeChannelRead(AbstractChannelHandlerContext.java:362)
	at io.netty.channel.AbstractChannelHandlerContext.invokeChannelRead(AbstractChannelHandlerContext.java:348)
	at io.netty.channel.AbstractChannelHandlerContext.fireChannelRead(AbstractChannelHandlerContext.java:340)
	at io.netty.channel.DefaultChannelPipeline$HeadContext.channelRead(DefaultChannelPipeline.java:1414)
	at io.netty.channel.AbstractChannelHandlerContext.invokeChannelRead(AbstractChannelHandlerContext.java:362)
	at io.netty.channel.AbstractChannelHandlerContext.invokeChannelRead(AbstractChannelHandlerContext.java:348)
	at io.netty.channel.DefaultChannelPipeline.fireChannelRead(DefaultChannelPipeline.java:945)
	at io.netty.channel.nio.AbstractNioByteChannel$NioByteUnsafe.read(AbstractNioByteChannel.java:146)
	at io.netty.channel.nio.NioEventLoop.processSelectedKey(NioEventLoop.java:645)
	at io.netty.channel.nio.NioEventLoop.processSelectedKeysOptimized(NioEventLoop.java:580)
	at io.netty.channel.nio.NioEventLoop.processSelectedKeys(NioEventLoop.java:497)
	at io.netty.channel.nio.NioEventLoop.run(NioEventLoop.java:459)
	at io.netty.util.concurrent.SingleThreadEventExecutor$5.run(SingleThreadEventExecutor.java:886)
	at io.netty.util.concurrent.FastThreadLocalRunnable.run(FastThreadLocalRunnable.java:30)
	at java.lang.Thread.run(Thread.java:748)
[ERROR] 2018-08-20 16:08:43,895 [com.zaly.push.apns.netty.NettyConnectionPool] check client state error! key=sandbox-client-1
[ERROR] 2018-08-20 16:08:44,803 [com.zaly.push.apns.netty.NettyHttp2Connection] Failed to connect e={0}
java.lang.AbstractMethodError
	at io.netty.internal.tcnative.SSL.readFromSSL(Native Method)
	at io.netty.handler.ssl.ReferenceCountedOpenSslEngine.readPlaintextData(ReferenceCountedOpenSslEngine.java:486)
	at io.netty.handler.ssl.ReferenceCountedOpenSslEngine.unwrap(ReferenceCountedOpenSslEngine.java:1025)
	at io.netty.handler.ssl.ReferenceCountedOpenSslEngine.unwrap(ReferenceCountedOpenSslEngine.java:1132)
	at io.netty.handler.ssl.ReferenceCountedOpenSslEngine.unwrap(ReferenceCountedOpenSslEngine.java:1175)
	at io.netty.handler.ssl.SslHandler$SslEngineType$1.unwrap(SslHandler.java:216)
	at io.netty.handler.ssl.SslHandler.unwrap(SslHandler.java:1257)
	at io.netty.handler.ssl.SslHandler.decodeNonJdkCompatible(SslHandler.java:1171)
	at io.netty.handler.ssl.SslHandler.decode(SslHandler.java:1205)
	at io.netty.handler.codec.ByteToMessageDecoder.decodeRemovalReentryProtection(ByteToMessageDecoder.java:489)
	at io.netty.handler.codec.ByteToMessageDecoder.callDecode(ByteToMessageDecoder.java:428)
	at io.netty.handler.codec.ByteToMessageDecoder.channelRead(ByteToMessageDecoder.java:265)
	at io.netty.channel.AbstractChannelHandlerContext.invokeChannelRead(AbstractChannelHandlerContext.java:362)
	at io.netty.channel.AbstractChannelHandlerContext.invokeChannelRead(AbstractChannelHandlerContext.java:348)
	at io.netty.channel.AbstractChannelHandlerContext.fireChannelRead(AbstractChannelHandlerContext.java:340)
	at io.netty.channel.DefaultChannelPipeline$HeadContext.channelRead(DefaultChannelPipeline.java:1414)
	at io.netty.channel.AbstractChannelHandlerContext.invokeChannelRead(AbstractChannelHandlerContext.java:362)
	at io.netty.channel.AbstractChannelHandlerContext.invokeChannelRead(AbstractChannelHandlerContext.java:348)
	at io.netty.channel.DefaultChannelPipeline.fireChannelRead(DefaultChannelPipeline.java:945)
	at io.netty.channel.nio.AbstractNioByteChannel$NioByteUnsafe.read(AbstractNioByteChannel.java:146)
	at io.netty.channel.nio.NioEventLoop.processSelectedKey(NioEventLoop.java:645)
	at io.netty.channel.nio.NioEventLoop.processSelectedKeysOptimized(NioEventLoop.java:580)
	at io.netty.channel.nio.NioEventLoop.processSelectedKeys(NioEventLoop.java:497)
	at io.netty.channel.nio.NioEventLoop.run(NioEventLoop.java:459)
	at io.netty.util.concurrent.SingleThreadEventExecutor$5.run(SingleThreadEventExecutor.java:886)
	at io.netty.util.concurrent.FastThreadLocalRunnable.run(FastThreadLocalRunnable.java:30)
	at java.lang.Thread.run(Thread.java:748)
[ERROR] 2018-08-20 16:08:44,804 [com.zaly.push.apns.netty.NettyConnectionPool] check client state error! key=sandbox-client-0
[ERROR] 2018-08-20 16:09:00,780 [com.zaly.push.apns.netty.NettyHttp2Connection] Failed to connect e={0}
java.lang.AbstractMethodError
	at io.netty.internal.tcnative.SSL.readFromSSL(Native Method)
	at io.netty.handler.ssl.ReferenceCountedOpenSslEngine.readPlaintextData(ReferenceCountedOpenSslEngine.java:486)
	at io.netty.handler.ssl.ReferenceCountedOpenSslEngine.unwrap(ReferenceCountedOpenSslEngine.java:1025)
	at io.netty.handler.ssl.ReferenceCountedOpenSslEngine.unwrap(ReferenceCountedOpenSslEngine.java:1132)
	at io.netty.handler.ssl.ReferenceCountedOpenSslEngine.unwrap(ReferenceCountedOpenSslEngine.java:1175)
	at io.netty.handler.ssl.SslHandler$SslEngineType$1.unwrap(SslHandler.java:216)
	at io.netty.handler.ssl.SslHandler.unwrap(SslHandler.java:1257)
	at io.netty.handler.ssl.SslHandler.decodeNonJdkCompatible(SslHandler.java:1171)
	at io.netty.handler.ssl.SslHandler.decode(SslHandler.java:1205)
	at io.netty.handler.codec.ByteToMessageDecoder.decodeRemovalReentryProtection(ByteToMessageDecoder.java:489)
	at io.netty.handler.codec.ByteToMessageDecoder.callDecode(ByteToMessageDecoder.java:428)
	at io.netty.handler.codec.ByteToMessageDecoder.channelRead(ByteToMessageDecoder.java:265)
	at io.netty.channel.AbstractChannelHandlerContext.invokeChannelRead(AbstractChannelHandlerContext.java:362)
	at io.netty.channel.AbstractChannelHandlerContext.invokeChannelRead(AbstractChannelHandlerContext.java:348)
	at io.netty.channel.AbstractChannelHandlerContext.fireChannelRead(AbstractChannelHandlerContext.java:340)
	at io.netty.channel.DefaultChannelPipeline$HeadContext.channelRead(DefaultChannelPipeline.java:1414)
	at io.netty.channel.AbstractChannelHandlerContext.invokeChannelRead(AbstractChannelHandlerContext.java:362)
	at io.netty.channel.AbstractChannelHandlerContext.invokeChannelRead(AbstractChannelHandlerContext.java:348)
	at io.netty.channel.DefaultChannelPipeline.fireChannelRead(DefaultChannelPipeline.java:945)
	at io.netty.channel.nio.AbstractNioByteChannel$NioByteUnsafe.read(AbstractNioByteChannel.java:146)
	at io.netty.channel.nio.NioEventLoop.processSelectedKey(NioEventLoop.java:645)
	at io.netty.channel.nio.NioEventLoop.processSelectedKeysOptimized(NioEventLoop.java:580)
	at io.netty.channel.nio.NioEventLoop.processSelectedKeys(NioEventLoop.java:497)
	at io.netty.channel.nio.NioEventLoop.run(NioEventLoop.java:459)
	at io.netty.util.concurrent.SingleThreadEventExecutor$5.run(SingleThreadEventExecutor.java:886)
	at io.netty.util.concurrent.FastThreadLocalRunnable.run(FastThreadLocalRunnable.java:30)
	at java.lang.Thread.run(Thread.java:748)
[ERROR] 2018-08-20 16:09:00,786 [com.zaly.push.apns.netty.NettyConnectionPool] check client state error! key=sandbox-client-1
[ERROR] 2018-08-20 16:09:01,795 [com.zaly.push.apns.netty.NettyConnectionPool] check client state error! key=sandbox-client-0
[ERROR] 2018-08-20 16:09:01,801 [com.zaly.push.apns.netty.NettyHttp2Connection] Failed to connect e={0}
java.lang.AbstractMethodError
	at io.netty.internal.tcnative.SSL.readFromSSL(Native Method)
	at io.netty.handler.ssl.ReferenceCountedOpenSslEngine.readPlaintextData(ReferenceCountedOpenSslEngine.java:486)
	at io.netty.handler.ssl.ReferenceCountedOpenSslEngine.unwrap(ReferenceCountedOpenSslEngine.java:1025)
	at io.netty.handler.ssl.ReferenceCountedOpenSslEngine.unwrap(ReferenceCountedOpenSslEngine.java:1132)
	at io.netty.handler.ssl.ReferenceCountedOpenSslEngine.unwrap(ReferenceCountedOpenSslEngine.java:1175)
	at io.netty.handler.ssl.SslHandler$SslEngineType$1.unwrap(SslHandler.java:216)
	at io.netty.handler.ssl.SslHandler.unwrap(SslHandler.java:1257)
	at io.netty.handler.ssl.SslHandler.decodeNonJdkCompatible(SslHandler.java:1171)
	at io.netty.handler.ssl.SslHandler.decode(SslHandler.java:1205)
	at io.netty.handler.codec.ByteToMessageDecoder.decodeRemovalReentryProtection(ByteToMessageDecoder.java:489)
	at io.netty.handler.codec.ByteToMessageDecoder.callDecode(ByteToMessageDecoder.java:428)
	at io.netty.handler.codec.ByteToMessageDecoder.channelRead(ByteToMessageDecoder.java:265)
	at io.netty.channel.AbstractChannelHandlerContext.invokeChannelRead(AbstractChannelHandlerContext.java:362)
	at io.netty.channel.AbstractChannelHandlerContext.invokeChannelRead(AbstractChannelHandlerContext.java:348)
	at io.netty.channel.AbstractChannelHandlerContext.fireChannelRead(AbstractChannelHandlerContext.java:340)
	at io.netty.channel.DefaultChannelPipeline$HeadContext.channelRead(DefaultChannelPipeline.java:1414)
	at io.netty.channel.AbstractChannelHandlerContext.invokeChannelRead(AbstractChannelHandlerContext.java:362)
	at io.netty.channel.AbstractChannelHandlerContext.invokeChannelRead(AbstractChannelHandlerContext.java:348)
	at io.netty.channel.DefaultChannelPipeline.fireChannelRead(DefaultChannelPipeline.java:945)
	at io.netty.channel.nio.AbstractNioByteChannel$NioByteUnsafe.read(AbstractNioByteChannel.java:146)
	at io.netty.channel.nio.NioEventLoop.processSelectedKey(NioEventLoop.java:645)
	at io.netty.channel.nio.NioEventLoop.processSelectedKeysOptimized(NioEventLoop.java:580)
	at io.netty.channel.nio.NioEventLoop.processSelectedKeys(NioEventLoop.java:497)
	at io.netty.channel.nio.NioEventLoop.run(NioEventLoop.java:459)
	at io.netty.util.concurrent.SingleThreadEventExecutor$5.run(SingleThreadEventExecutor.java:886)
	at io.netty.util.concurrent.FastThreadLocalRunnable.run(FastThreadLocalRunnable.java:30)
	at java.lang.Thread.run(Thread.java:748)
[ERROR] 2018-08-20 16:09:17,813 [com.zaly.push.apns.netty.NettyConnectionPool] check client state error! key=sandbox-client-1
[ERROR] 2018-08-20 16:09:17,904 [com.zaly.push.apns.netty.NettyHttp2Connection] Failed to connect e={0}
java.lang.AbstractMethodError
	at io.netty.internal.tcnative.SSL.readFromSSL(Native Method)
	at io.netty.handler.ssl.ReferenceCountedOpenSslEngine.readPlaintextData(ReferenceCountedOpenSslEngine.java:486)
	at io.netty.handler.ssl.ReferenceCountedOpenSslEngine.unwrap(ReferenceCountedOpenSslEngine.java:1025)
	at io.netty.handler.ssl.ReferenceCountedOpenSslEngine.unwrap(ReferenceCountedOpenSslEngine.java:1132)
	at io.netty.handler.ssl.ReferenceCountedOpenSslEngine.unwrap(ReferenceCountedOpenSslEngine.java:1175)
	at io.netty.handler.ssl.SslHandler$SslEngineType$1.unwrap(SslHandler.java:216)
	at io.netty.handler.ssl.SslHandler.unwrap(SslHandler.java:1257)
	at io.netty.handler.ssl.SslHandler.decodeNonJdkCompatible(SslHandler.java:1171)
	at io.netty.handler.ssl.SslHandler.decode(SslHandler.java:1205)
	at io.netty.handler.codec.ByteToMessageDecoder.decodeRemovalReentryProtection(ByteToMessageDecoder.java:489)
	at io.netty.handler.codec.ByteToMessageDecoder.callDecode(ByteToMessageDecoder.java:428)
	at io.netty.handler.codec.ByteToMessageDecoder.channelRead(ByteToMessageDecoder.java:265)
	at io.netty.channel.AbstractChannelHandlerContext.invokeChannelRead(AbstractChannelHandlerContext.java:362)
	at io.netty.channel.AbstractChannelHandlerContext.invokeChannelRead(AbstractChannelHandlerContext.java:348)
	at io.netty.channel.AbstractChannelHandlerContext.fireChannelRead(AbstractChannelHandlerContext.java:340)
	at io.netty.channel.DefaultChannelPipeline$HeadContext.channelRead(DefaultChannelPipeline.java:1414)
	at io.netty.channel.AbstractChannelHandlerContext.invokeChannelRead(AbstractChannelHandlerContext.java:362)
	at io.netty.channel.AbstractChannelHandlerContext.invokeChannelRead(AbstractChannelHandlerContext.java:348)
	at io.netty.channel.DefaultChannelPipeline.fireChannelRead(DefaultChannelPipeline.java:945)
	at io.netty.channel.nio.AbstractNioByteChannel$NioByteUnsafe.read(AbstractNioByteChannel.java:146)
	at io.netty.channel.nio.NioEventLoop.processSelectedKey(NioEventLoop.java:645)
	at io.netty.channel.nio.NioEventLoop.processSelectedKeysOptimized(NioEventLoop.java:580)
	at io.netty.channel.nio.NioEventLoop.processSelectedKeys(NioEventLoop.java:497)
	at io.netty.channel.nio.NioEventLoop.run(NioEventLoop.java:459)
	at io.netty.util.concurrent.SingleThreadEventExecutor$5.run(SingleThreadEventExecutor.java:886)
	at io.netty.util.concurrent.FastThreadLocalRunnable.run(FastThreadLocalRunnable.java:30)
	at java.lang.Thread.run(Thread.java:748)
[ERROR] 2018-08-20 16:09:18,697 [com.zaly.push.apns.netty.NettyHttp2Connection] Failed to connect e={0}
java.lang.AbstractMethodError
	at io.netty.internal.tcnative.SSL.readFromSSL(Native Method)
	at io.netty.handler.ssl.ReferenceCountedOpenSslEngine.readPlaintextData(ReferenceCountedOpenSslEngine.java:486)
	at io.netty.handler.ssl.ReferenceCountedOpenSslEngine.unwrap(ReferenceCountedOpenSslEngine.java:1025)
	at io.netty.handler.ssl.ReferenceCountedOpenSslEngine.unwrap(ReferenceCountedOpenSslEngine.java:1132)
	at io.netty.handler.ssl.ReferenceCountedOpenSslEngine.unwrap(ReferenceCountedOpenSslEngine.java:1175)
	at io.netty.handler.ssl.SslHandler$SslEngineType$1.unwrap(SslHandler.java:216)
	at io.netty.handler.ssl.SslHandler.unwrap(SslHandler.java:1257)
	at io.netty.handler.ssl.SslHandler.decodeNonJdkCompatible(SslHandler.java:1171)
	at io.netty.handler.ssl.SslHandler.decode(SslHandler.java:1205)
	at io.netty.handler.codec.ByteToMessageDecoder.decodeRemovalReentryProtection(ByteToMessageDecoder.java:489)
	at io.netty.handler.codec.ByteToMessageDecoder.callDecode(ByteToMessageDecoder.java:428)
	at io.netty.handler.codec.ByteToMessageDecoder.channelRead(ByteToMessageDecoder.java:265)
	at io.netty.channel.AbstractChannelHandlerContext.invokeChannelRead(AbstractChannelHandlerContext.java:362)
	at io.netty.channel.AbstractChannelHandlerContext.invokeChannelRead(AbstractChannelHandlerContext.java:348)
	at io.netty.channel.AbstractChannelHandlerContext.fireChannelRead(AbstractChannelHandlerContext.java:340)
	at io.netty.channel.DefaultChannelPipeline$HeadContext.channelRead(DefaultChannelPipeline.java:1414)
	at io.netty.channel.AbstractChannelHandlerContext.invokeChannelRead(AbstractChannelHandlerContext.java:362)
	at io.netty.channel.AbstractChannelHandlerContext.invokeChannelRead(AbstractChannelHandlerContext.java:348)
	at io.netty.channel.DefaultChannelPipeline.fireChannelRead(DefaultChannelPipeline.java:945)
	at io.netty.channel.nio.AbstractNioByteChannel$NioByteUnsafe.read(AbstractNioByteChannel.java:146)
	at io.netty.channel.nio.NioEventLoop.processSelectedKey(NioEventLoop.java:645)
	at io.netty.channel.nio.NioEventLoop.processSelectedKeysOptimized(NioEventLoop.java:580)
	at io.netty.channel.nio.NioEventLoop.processSelectedKeys(NioEventLoop.java:497)
	at io.netty.channel.nio.NioEventLoop.run(NioEventLoop.java:459)
	at io.netty.util.concurrent.SingleThreadEventExecutor$5.run(SingleThreadEventExecutor.java:886)
	at io.netty.util.concurrent.FastThreadLocalRunnable.run(FastThreadLocalRunnable.java:30)
	at java.lang.Thread.run(Thread.java:748)
[ERROR] 2018-08-20 16:09:18,698 [com.zaly.push.apns.netty.NettyConnectionPool] check client state error! key=sandbox-client-0
[ERROR] 2018-08-20 16:09:34,678 [com.zaly.push.apns.netty.NettyHttp2Connection] Failed to connect e={0}
java.lang.AbstractMethodError
	at io.netty.internal.tcnative.SSL.readFromSSL(Native Method)
	at io.netty.handler.ssl.ReferenceCountedOpenSslEngine.readPlaintextData(ReferenceCountedOpenSslEngine.java:486)
	at io.netty.handler.ssl.ReferenceCountedOpenSslEngine.unwrap(ReferenceCountedOpenSslEngine.java:1025)
	at io.netty.handler.ssl.ReferenceCountedOpenSslEngine.unwrap(ReferenceCountedOpenSslEngine.java:1132)
	at io.netty.handler.ssl.ReferenceCountedOpenSslEngine.unwrap(ReferenceCountedOpenSslEngine.java:1175)
	at io.netty.handler.ssl.SslHandler$SslEngineType$1.unwrap(SslHandler.java:216)
	at io.netty.handler.ssl.SslHandler.unwrap(SslHandler.java:1257)
	at io.netty.handler.ssl.SslHandler.decodeNonJdkCompatible(SslHandler.java:1171)
	at io.netty.handler.ssl.SslHandler.decode(SslHandler.java:1205)
	at io.netty.handler.codec.ByteToMessageDecoder.decodeRemovalReentryProtection(ByteToMessageDecoder.java:489)
	at io.netty.handler.codec.ByteToMessageDecoder.callDecode(ByteToMessageDecoder.java:428)
	at io.netty.handler.codec.ByteToMessageDecoder.channelRead(ByteToMessageDecoder.java:265)
	at io.netty.channel.AbstractChannelHandlerContext.invokeChannelRead(AbstractChannelHandlerContext.java:362)
	at io.netty.channel.AbstractChannelHandlerContext.invokeChannelRead(AbstractChannelHandlerContext.java:348)
	at io.netty.channel.AbstractChannelHandlerContext.fireChannelRead(AbstractChannelHandlerContext.java:340)
	at io.netty.channel.DefaultChannelPipeline$HeadContext.channelRead(DefaultChannelPipeline.java:1414)
	at io.netty.channel.AbstractChannelHandlerContext.invokeChannelRead(AbstractChannelHandlerContext.java:362)
	at io.netty.channel.AbstractChannelHandlerContext.invokeChannelRead(AbstractChannelHandlerContext.java:348)
	at io.netty.channel.DefaultChannelPipeline.fireChannelRead(DefaultChannelPipeline.java:945)
	at io.netty.channel.nio.AbstractNioByteChannel$NioByteUnsafe.read(AbstractNioByteChannel.java:146)
	at io.netty.channel.nio.NioEventLoop.processSelectedKey(NioEventLoop.java:645)
	at io.netty.channel.nio.NioEventLoop.processSelectedKeysOptimized(NioEventLoop.java:580)
	at io.netty.channel.nio.NioEventLoop.processSelectedKeys(NioEventLoop.java:497)
	at io.netty.channel.nio.NioEventLoop.run(NioEventLoop.java:459)
	at io.netty.util.concurrent.SingleThreadEventExecutor$5.run(SingleThreadEventExecutor.java:886)
	at io.netty.util.concurrent.FastThreadLocalRunnable.run(FastThreadLocalRunnable.java:30)
	at java.lang.Thread.run(Thread.java:748)
[ERROR] 2018-08-20 16:09:34,679 [com.zaly.push.apns.netty.NettyConnectionPool] check client state error! key=sandbox-client-1
[ERROR] 2018-08-20 16:09:35,689 [com.zaly.push.apns.netty.NettyConnectionPool] check client state error! key=sandbox-client-0
[ERROR] 2018-08-20 16:09:35,696 [com.zaly.push.apns.netty.NettyHttp2Connection] Failed to connect e={0}
java.lang.AbstractMethodError
	at io.netty.internal.tcnative.SSL.readFromSSL(Native Method)
	at io.netty.handler.ssl.ReferenceCountedOpenSslEngine.readPlaintextData(ReferenceCountedOpenSslEngine.java:486)
	at io.netty.handler.ssl.ReferenceCountedOpenSslEngine.unwrap(ReferenceCountedOpenSslEngine.java:1025)
	at io.netty.handler.ssl.ReferenceCountedOpenSslEngine.unwrap(ReferenceCountedOpenSslEngine.java:1132)
	at io.netty.handler.ssl.ReferenceCountedOpenSslEngine.unwrap(ReferenceCountedOpenSslEngine.java:1175)
	at io.netty.handler.ssl.SslHandler$SslEngineType$1.unwrap(SslHandler.java:216)
	at io.netty.handler.ssl.SslHandler.unwrap(SslHandler.java:1257)
	at io.netty.handler.ssl.SslHandler.decodeNonJdkCompatible(SslHandler.java:1171)
	at io.netty.handler.ssl.SslHandler.decode(SslHandler.java:1205)
	at io.netty.handler.codec.ByteToMessageDecoder.decodeRemovalReentryProtection(ByteToMessageDecoder.java:489)
	at io.netty.handler.codec.ByteToMessageDecoder.callDecode(ByteToMessageDecoder.java:428)
	at io.netty.handler.codec.ByteToMessageDecoder.channelRead(ByteToMessageDecoder.java:265)
	at io.netty.channel.AbstractChannelHandlerContext.invokeChannelRead(AbstractChannelHandlerContext.java:362)
	at io.netty.channel.AbstractChannelHandlerContext.invokeChannelRead(AbstractChannelHandlerContext.java:348)
	at io.netty.channel.AbstractChannelHandlerContext.fireChannelRead(AbstractChannelHandlerContext.java:340)
	at io.netty.channel.DefaultChannelPipeline$HeadContext.channelRead(DefaultChannelPipeline.java:1414)
	at io.netty.channel.AbstractChannelHandlerContext.invokeChannelRead(AbstractChannelHandlerContext.java:362)
	at io.netty.channel.AbstractChannelHandlerContext.invokeChannelRead(AbstractChannelHandlerContext.java:348)
	at io.netty.channel.DefaultChannelPipeline.fireChannelRead(DefaultChannelPipeline.java:945)
	at io.netty.channel.nio.AbstractNioByteChannel$NioByteUnsafe.read(AbstractNioByteChannel.java:146)
	at io.netty.channel.nio.NioEventLoop.processSelectedKey(NioEventLoop.java:645)
	at io.netty.channel.nio.NioEventLoop.processSelectedKeysOptimized(NioEventLoop.java:580)
	at io.netty.channel.nio.NioEventLoop.processSelectedKeys(NioEventLoop.java:497)
	at io.netty.channel.nio.NioEventLoop.run(NioEventLoop.java:459)
	at io.netty.util.concurrent.SingleThreadEventExecutor$5.run(SingleThreadEventExecutor.java:886)
	at io.netty.util.concurrent.FastThreadLocalRunnable.run(FastThreadLocalRunnable.java:30)
	at java.lang.Thread.run(Thread.java:748)
